"../../../Projects/FinalProject/Content/Geometry/Meshes/CubeMaterial.uasset" 0
"../../../Projects/FinalProject/Content/Geometry/Meshes/1M_Cube_Chamfer.uasset" 1
"../../../Projects/FinalProject/Content/Geometry/Meshes/TemplateFloor.uasset" 2
"../../../Projects/FinalProject/Content/Mannequin/Character/Mesh/UE4_Mannequin_Skeleton.uasset" 3
"../../../Projects/FinalProject/Content/Mannequin/Animations/ThirdPerson_Jump.uasset" 4
"../../../Projects/FinalProject/Content/Mannequin/Animations/ThirdPersonJump_Loop.uasset" 5
"../../../Projects/FinalProject/Content/Mannequin/Animations/ThirdPersonJump_Start.uasset" 6
"../../../Projects/FinalProject/Content/Mannequin/Animations/ThirdPersonIdle.uasset" 7
"../../../Projects/FinalProject/Content/Mannequin/Animations/ThirdPersonRun.uasset" 8
"../../../Projects/FinalProject/Content/Mannequin/Animations/ThirdPersonWalk.uasset" 9
"../../../Projects/FinalProject/Content/Mannequin/Animations/ThirdPerson_IdleRun_2D.uasset" 10
"../../../Engine/Content/EditorBlueprintResources/StandardMacros.uasset" 11
"../../../Projects/FinalProject/Content/Mannequin/Animations/ThirdPerson_AnimBP.uasset" 12
"../../../Engine/Content/Functions/Engine_MaterialFunctions02/Utility/BlendAngleCorrectedNormals.uasset" 13
"../../../Engine/Content/Functions/MaterialLayerFunctions/MatLayerBlend_NormalBlend.uasset" 14
"../../../Engine/Content/Functions/MaterialLayerFunctions/MatLayerBlend_Simple.uasset" 15
"../../../Projects/FinalProject/Content/Mannequin/Character/Materials/MaterialLayers/T_ML_Rubber_Blue_01_D.uasset" 16
"../../../Projects/FinalProject/Content/Mannequin/Character/Materials/MaterialLayers/T_ML_Rubber_Blue_01_N.uasset" 17
"../../../Projects/FinalProject/Content/Mannequin/Character/Materials/MaterialLayers/ML_GlossyBlack_Latex_UE4.uasset" 18
"../../../Projects/FinalProject/Content/Mannequin/Character/Materials/MaterialLayers/ML_Plastic_Shiny_Beige.uasset" 19
"../../../Projects/FinalProject/Content/Mannequin/Character/Textures/UE4_LOGO_CARD.uasset" 20
"../../../Projects/FinalProject/Content/Mannequin/Character/Materials/MaterialLayers/ML_Plastic_Shiny_Beige_LOGO.uasset" 21
"../../../Projects/FinalProject/Content/Mannequin/Character/Materials/MaterialLayers/T_ML_Aluminum01.uasset" 22
"../../../Projects/FinalProject/Content/Mannequin/Character/Materials/MaterialLayers/T_ML_Aluminum01_N.uasset" 23
"../../../Projects/FinalProject/Content/Mannequin/Character/Materials/MaterialLayers/ML_SoftMetal_UE4.uasset" 24
"../../../Projects/FinalProject/Content/Mannequin/Character/Textures/UE4_Mannequin__normals.uasset" 25
"../../../Projects/FinalProject/Content/Mannequin/Character/Textures/UE4_Mannequin_MAT_MASKA.uasset" 26
"../../../Projects/FinalProject/Content/Mannequin/Character/Materials/M_UE4Man_Body.uasset" 27
"../../../Projects/FinalProject/Content/Mannequin/Character/Textures/UE4Man_Logo_N.uasset" 28
"../../../Projects/FinalProject/Content/Mannequin/Character/Materials/M_UE4Man_ChestLogo.uasset" 29
"../../../Projects/FinalProject/Content/Mannequin/Character/Mesh/SK_Mannequin_PhysicsAsset.uasset" 30
"../../../Projects/FinalProject/Content/Mannequin/Character/Mesh/SK_Mannequin.uasset" 31
"../../../Projects/FinalProject/Content/PolygonSamurai/Characters/NewHUD.uasset" 32
"../../../Projects/FinalProject/Content/PolygonSamurai/Textures/Tex_Samurai_Characters_Texture_White.uasset" 33
"../../../Projects/FinalProject/Content/PolygonSamurai/Materials/Mat_PolygonSamurai_Character_White.uasset" 34
"../../../Projects/FinalProject/Content/PolygonSamurai/Characters/SK_Character_Samurai_Geisha_01_PhysicsAsset.uasset" 35
"../../../Engine/Content/EngineMeshes/Humanoid.uasset" 36
"../../../Projects/FinalProject/Content/PolygonSamurai/Characters/SK_Character_Samurai_Geisha_01_Skeleton.uasset" 37
"../../../Projects/FinalProject/Content/PolygonSamurai/Characters/SK_Character_Samurai_Geisha_01.uasset" 38
"../../../Projects/FinalProject/Content/PolygonSamurai/Characters/SK_Character_Samurai_Grunt_01_PhysicsAsset.uasset" 39
"../../../Projects/FinalProject/Content/PolygonSamurai/Characters/SK_Character_Samurai_Grunt_01.uasset" 40
"../../../Projects/FinalProject/Content/PolygonSamurai/Characters/SK_Character_Samurai_Sensei_01_PhysicsAsset.uasset" 41
"../../../Projects/FinalProject/Content/PolygonSamurai/Characters/SK_Character_Samurai_Sensei_01.uasset" 42
"../../../Projects/FinalProject/Content/PolygonSamurai/Characters/SK_Character_Samurai_VillageFemale_01_PhysicsAsset.uasset" 43
"../../../Projects/FinalProject/Content/PolygonSamurai/Characters/SK_Character_Samurai_VillageFemale_01.uasset" 44
"../../../Projects/FinalProject/Content/PolygonSamurai/Characters/SK_Character_Samurai_VillageMale_01_PhysicsAsset.uasset" 45
"../../../Projects/FinalProject/Content/PolygonSamurai/Characters/SK_Character_Samurai_VillageMale_01.uasset" 46
"../../../Projects/FinalProject/Content/PolygonSamurai/Characters/SK_Character_Samurai_VillageMale_02_PhysicsAsset.uasset" 47
"../../../Projects/FinalProject/Content/PolygonSamurai/Characters/SK_Character_Samurai_VillageMale_02.uasset" 48
"../../../Projects/FinalProject/Content/PolygonSamurai/Characters/SK_Character_Samurai_Warrior_01_PhysicsAsset.uasset" 49
"../../../Projects/FinalProject/Content/PolygonSamurai/Characters/SK_Character_Samurai_Warrior_01.uasset" 50
"../../../Projects/FinalProject/Content/PolygonSamurai/Textures/Tex_PolygonSamura_01_GrassSwap.uasset" 51
"../../../Projects/FinalProject/Content/PolygonSamurai/Textures/Tex_PolygonSamurai_Emmision_Night.uasset" 52
"../../../Projects/FinalProject/Content/PolygonSamurai/Materials/Mat_PolygonSamurai_01_Snow_To_Grass.uasset" 53
"../../../Projects/FinalProject/Content/PolygonSamurai/Textures/Tex_Samurai_Characters_Texture_Black.uasset" 54
"../../../Projects/FinalProject/Content/PolygonSamurai/Materials/Mat_PolygonSamurai_Character_Black.uasset" 55
"../../../Projects/FinalProject/Content/PolygonSamurai/Textures/Tex_Samurai_Characters_Texture_Brown.uasset" 56
"../../../Projects/FinalProject/Content/PolygonSamurai/Materials/Mat_PolygonSamurai_Character_Brown.uasset" 57
"../../../Projects/FinalProject/Content/PolygonSamurai/Textures/Tex_PolygonSamurai_01.uasset" 58
"../../../Projects/FinalProject/Content/PolygonSamurai/Materials/Mat_PolygonSamurai_Night.uasset" 59
"../../../Projects/FinalProject/Content/PolygonSamurai/OurFiles/Animations/Ninja_Idle_Anim_mixamo_com.uasset" 60
"../../../Projects/FinalProject/Content/PolygonSamurai/OurFiles/Animations/ninja/Alpha_Body_MAT2.uasset" 61
"../../../Projects/FinalProject/Content/PolygonSamurai/OurFiles/Animations/ninja/Alpha_Joints_MAT2.uasset" 62
"../../../Projects/FinalProject/Content/PolygonSamurai/OurFiles/Animations/ninja/Alpha_Body_MAT4.uasset" 63
"../../../Projects/FinalProject/Content/PolygonSamurai/OurFiles/Animations/ninja/Alpha_Joints_MAT4.uasset" 64
"../../../Projects/FinalProject/Content/PolygonSamurai/OurFiles/Animations/ninja/Falling_Back_Death_PhysicsAsset.uasset" 65
"../../../Projects/FinalProject/Content/PolygonSamurai/OurFiles/Animations/ninja/Falling_Back_Death_Skeleton.uasset" 66
"../../../Projects/FinalProject/Content/PolygonSamurai/OurFiles/Animations/ninja/Falling_Back_Death.uasset" 67
"../../../Projects/FinalProject/Content/PolygonSamurai/OurFiles/Animations/ninja/Falling_Back_Death_Anim_mixamo_com.uasset" 68
"../../../Projects/FinalProject/Content/PolygonSamurai/OurFiles/Animations/ninja/Falling_Back_Death_Anim_Take_001.uasset" 69
"../../../Projects/FinalProject/Content/PolygonSamurai/OurFiles/Animations/ninja/Alpha_Body_MAT3.uasset" 70
"../../../Projects/FinalProject/Content/PolygonSamurai/OurFiles/Animations/ninja/Alpha_Joints_MAT3.uasset" 71
"../../../Projects/FinalProject/Content/PolygonSamurai/OurFiles/Animations/ninja/Male_Crouch_Pose_PhysicsAsset.uasset" 72
"../../../Projects/FinalProject/Content/PolygonSamurai/OurFiles/Animations/ninja/Male_Crouch_Pose_Skeleton.uasset" 73
"../../../Projects/FinalProject/Content/PolygonSamurai/OurFiles/Animations/ninja/Male_Crouch_Pose.uasset" 74
"../../../Projects/FinalProject/Content/PolygonSamurai/OurFiles/Animations/ninja/Male_Crouch_Pose_Anim_mixamo_com.uasset" 75
"../../../Projects/FinalProject/Content/PolygonSamurai/OurFiles/Animations/ninja/Male_Crouch_Pose_Anim_Take_001.uasset" 76
"../../../Projects/FinalProject/Content/PolygonSamurai/OurFiles/Animations/ninja/Alpha_Body_MAT.uasset" 77
"../../../Projects/FinalProject/Content/PolygonSamurai/OurFiles/Animations/ninja/Alpha_Joints_MAT.uasset" 78
"../../../Projects/FinalProject/Content/PolygonSamurai/OurFiles/Animations/ninja/Ninja_Idle_PhysicsAsset.uasset" 79
"../../../Projects/FinalProject/Content/PolygonSamurai/OurFiles/Animations/ninja/Ninja_Idle_Skeleton.uasset" 80
"../../../Projects/FinalProject/Content/PolygonSamurai/OurFiles/Animations/ninja/Ninja_Idle.uasset" 81
"../../../Projects/FinalProject/Content/PolygonSamurai/OurFiles/Animations/ninja/Ninja_Idle_Anim_mixamo_com.uasset" 82
"../../../Projects/FinalProject/Content/PolygonSamurai/OurFiles/Animations/ninja/Ninja_Idle_Anim_Take_001.uasset" 83
"../../../Projects/FinalProject/Content/PolygonSamurai/OurFiles/Animations/ninja/Alpha_Body_MAT1.uasset" 84
"../../../Projects/FinalProject/Content/PolygonSamurai/OurFiles/Animations/ninja/Alpha_Joints_MAT1.uasset" 85
"../../../Projects/FinalProject/Content/PolygonSamurai/OurFiles/Animations/ninja/Run_PhysicsAsset.uasset" 86
"../../../Projects/FinalProject/Content/PolygonSamurai/OurFiles/Animations/ninja/Run_Skeleton.uasset" 87
"../../../Projects/FinalProject/Content/PolygonSamurai/OurFiles/Animations/ninja/Run.uasset" 88
"../../../Projects/FinalProject/Content/PolygonSamurai/OurFiles/Animations/ninja/Run_Anim_mixamo_com.uasset" 89
"../../../Projects/FinalProject/Content/PolygonSamurai/OurFiles/Animations/ninja/Run_Anim_Take_001.uasset" 90
"../../../Projects/FinalProject/Content/PolygonSamurai/OurFiles/Sound_Files/Footsteps/footstep1.uasset" 91
"../../../Projects/FinalProject/Content/PolygonSamurai/OurFiles/Sound_Files/Footsteps/footstep2.uasset" 92
"../../../Projects/FinalProject/Content/PolygonSamurai/OurFiles/Sound_Files/Footsteps/footstep3.uasset" 93
"../../../Projects/FinalProject/Content/PolygonSamurai/OurFiles/Sound_Files/Footsteps/footstep4.uasset" 94
"../../../Projects/FinalProject/Content/PolygonSamurai/OurFiles/Sound_Files/Footsteps/Footsteps.uasset" 95
"../../../Projects/FinalProject/Content/PolygonSamurai/OurFiles/Sound_Files/Footsteps/footstep_whole.uasset" 96
"../../../Projects/FinalProject/Content/PolygonSamurai/OurFiles/UI/final_credits_image.uasset" 97
"../../../Projects/FinalProject/Content/PolygonSamurai/OurFiles/UI/ClickSound.uasset" 98
"../../../Projects/FinalProject/Content/PolygonSamurai/OurFiles/UI/MenuAssets/2019-02-11_13-10-27.uasset" 99
"../../../Projects/FinalProject/Content/PolygonSamurai/OurFiles/UI/MenuAssets/OptionsNormal.uasset" 100
"../../../Projects/FinalProject/Content/PolygonSamurai/OurFiles/UI/MenuAssets/QuitGameNormal.uasset" 101
"../../../Projects/FinalProject/Content/PolygonSamurai/OurFiles/UI/MenuAssets/StartGameNormal.uasset" 102
"../../../Projects/FinalProject/Content/PolygonSamurai/OurFiles/UI/Options.uasset" 103
"../../../Projects/FinalProject/Content/PolygonSamurai/OurFiles/UI/MainMenu.uasset" 104
"../../../Projects/FinalProject/Content/PolygonSamurai/OurFiles/UI/MainMenuHUD.uasset" 105
"../../../Projects/FinalProject/Content/PolygonSamurai/OurFiles/UI/MenuMode.uasset" 106
"../../../Projects/FinalProject/Content/PolygonSamurai/OurFiles/UI/LoadingScreen.uasset" 107
"../../../Projects/FinalProject/Content/PolygonSamurai/OurFiles/UI/MenuAssets/1080normal.uasset" 108
"../../../Projects/FinalProject/Content/PolygonSamurai/OurFiles/UI/MenuAssets/640Normal.uasset" 109
"../../../Projects/FinalProject/Content/PolygonSamurai/OurFiles/UI/MenuAssets/720Normal.uasset" 110
"../../../Projects/FinalProject/Content/PolygonSamurai/OurFiles/UI/MenuAssets/MainMenuNormal.uasset" 111
"../../../Projects/FinalProject/Content/PolygonSamurai/OurFiles/UI/VRMainMenu.uasset" 112
"../../../Projects/FinalProject/Content/PolygonSamurai/OurFiles/UI/MenuAssets/bckgrndImage.uasset" 113
"../../../Projects/FinalProject/Content/PolygonSamurai/OurFiles/World_files/sign_post/lambert1.uasset" 114
"../../../Engine/Content/Functions/Engine_MaterialFunctions01/Density/ExponentialDensity.uasset" 115
"../../../Engine/Content/Functions/Engine_MaterialFunctions01/Gradient/RadialGradientExponential.uasset" 116
"../../../Projects/FinalProject/Content/PolygonSamurai/OurFiles/World_files/sign_post/selection_material.uasset" 117
"../../../Engine/Content/Functions/Engine_MaterialFunctions02/Utility/CameraDirectionVector.uasset" 118
"../../../Engine/Content/Functions/Engine_MaterialFunctions02/Utility/DepthFromWorldPosition.uasset" 119
"../../../Projects/FinalProject/Content/VirtualReality/Materials/MF_OccludedPixels.uasset" 120
"../../../Projects/FinalProject/Content/VirtualReality/Materials/TeleportMCP.uasset" 121
"../../../Engine/Content/EngineMaterials/Good64x64TilingNoiseHighFreq.uasset" 122
"../../../Projects/FinalProject/Content/PolygonSamurai/OurFiles/World_files/sign_post/Selection_materialV2.uasset" 123
"../../../Projects/FinalProject/Content/PolygonSamurai/Materials/Mat_FX_Fire.uasset" 124
"../../../Projects/FinalProject/Content/PolygonSamurai/ParticleFX/FX_Smoke.uasset" 125
"../../../Projects/FinalProject/Content/PolygonSamurai/Materials/Mat_FX_Snow.uasset" 126
"../../../Projects/FinalProject/Content/PolygonSamurai/ParticleFX/FX_Snow.uasset" 127
"../../../Projects/FinalProject/Content/TS_Fireworks/Meshes/SK_Smiles_PhysicsAsset.uasset" 128
"../../../Projects/FinalProject/Content/TS_Fireworks/Meshes/SK_Smiles_Skeleton.uasset" 129
"../../../Projects/FinalProject/Content/TS_Fireworks/Meshes/SK_Smiles.uasset" 130
"../../../Engine/Content/Functions/Engine_MaterialFunctions02/Utility/BreakOutFloat2Components.uasset" 131
"../../../Engine/Content/Functions/Engine_MaterialFunctions01/Texturing/ScaleUVsByCenter.uasset" 132
"../../../Engine/Content/Functions/Engine_MaterialFunctions02/ScreenResolution.uasset" 133
"../../../Engine/Content/Functions/Engine_MaterialFunctions02/Texturing/ScreenAlignedUVs.uasset" 134
"../../../Projects/FinalProject/Content/VirtualReality/Materials/M_SplineArcMat.uasset" 135
"../../../Engine/Content/Functions/Engine_MaterialFunctions01/Opacity/CameraDepthFade.uasset" 136
"../../../Engine/Content/EngineMaterials/T_Default_Material_Grid_M.uasset" 137
"../../../Engine/Content/EngineMaterials/T_Default_Material_Grid_N.uasset" 138
"../../../Engine/Content/EngineMaterials/WorldGridMaterial.uasset" 139
"../../../Projects/FinalProject/Content/VirtualReality/Meshes/BeamMesh.uasset" 140
"../../../Projects/FinalProject/Content/VirtualRealityBP/Blueprints/MotionControllerHaptics.uasset" 141
"../../../Engine/Content/EngineMaterials/DefaultMaterial.uasset" 142
"../../../Engine/Content/BasicShapes/Cone.uasset" 143
"../../../Engine/Content/EditorLandscapeResources/DataLayer.uasset" 144
"../../../Engine/Content/EditorMaterials/GizmoMaterial.uasset" 145
"../../../Engine/Content/EditorMaterials/MAT_Groups_Toggle.uasset" 146
"../../../Engine/Content/EditorMaterials/MAT_Groups_Visibility.uasset" 147
"../../../Engine/Content/EditorMaterials/PreviewShadowIndicator.uasset" 148
"../../../Engine/Content/EditorMaterials/PreviewShadowIndicatorMaterial.uasset" 149
"../../../Engine/Content/EditorMaterials/MatineeGroups/MAT_ColorTrack.uasset" 150
"../../../Engine/Content/EditorMaterials/MatineeGroups/MAT_Groups_Anim.uasset" 151
"../../../Engine/Content/EditorMaterials/MatineeGroups/MAT_Groups_AudioMaster.uasset" 152
"../../../Engine/Content/EditorMaterials/MatineeGroups/MAT_Groups_Director.uasset" 153
"../../../Engine/Content/EditorMaterials/MatineeGroups/MAT_Groups_Event.uasset" 154
"../../../Engine/Content/EditorMaterials/MatineeGroups/MAT_Groups_Fade.uasset" 155
"../../../Engine/Content/EditorMaterials/MatineeGroups/MAT_Groups_Float.uasset" 156
"../../../Engine/Content/EditorMaterials/MatineeGroups/MAT_Groups_Move.uasset" 157
"../../../Engine/Content/EditorMaterials/MatineeGroups/MAT_Groups_Slomo.uasset" 158
"../../../Engine/Content/EditorMaterials/MatineeGroups/MAT_Groups_Sound.uasset" 159
"../../../Engine/Content/EditorMaterials/MatineeGroups/MAT_Groups_Vector.uasset" 160
"../../../Engine/Content/EditorMaterials/ParticleSystems/PSysThumbnail_NoImage.uasset" 161
"../../../Engine/Content/EditorMaterials/ParticleSystems/PSysThumbnail_OOD.uasset" 162
"../../../Engine/Content/EditorMaterials/Camera/CineMat.uasset" 163
"../../../Engine/Content/EditorMaterials/Camera/MI_CineMat_Rig.uasset" 164
"../../../Engine/Content/EditorMeshes/Camera/SM_CraneRig_Arm.uasset" 165
"../../../Engine/Content/EditorMeshes/Camera/SM_CraneRig_Base.uasset" 166
"../../../Engine/Content/EditorMeshes/Camera/SM_CraneRig_Body.uasset" 167
"../../../Engine/Content/EditorMeshes/Camera/SM_CraneRig_Mount.uasset" 168
"../../../Engine/Content/EditorMeshes/Camera/SM_RailRig_Mount.uasset" 169
"../../../Engine/Content/EditorMeshes/Camera/SM_RailRig_Track.uasset" 170
"../../../Engine/Content/EditorMeshes/ColorCalibrator/M_ChromeBall.uasset" 171
"../../../Engine/Content/EditorMeshes/ColorCalibrator/M_ClearCoat.uasset" 172
"../../../Engine/Content/EditorMeshes/ColorCalibrator/M_ClearCoatBlack.uasset" 173
"../../../Engine/Content/EditorMeshes/ColorCalibrator/Color_checker.uasset" 174
"../../../Engine/Content/EditorMeshes/ColorCalibrator/M_ColorGrid.uasset" 175
"../../../Engine/Content/EditorMeshes/ColorCalibrator/M_GreyBall.uasset" 176
"../../../Engine/Content/EditorMeshes/ColorCalibrator/SM_ColorCalibrator.uasset" 177
"../../../Engine/Content/EditorResources/BSPVertex.uasset" 178
"../../../Engine/Content/EditorResources/EmptyActor.uasset" 179
"../../../Engine/Content/EditorResources/S_Actor.uasset" 180
"../../../Engine/Content/EditorResources/S_Trigger.uasset" 181
"../../../Engine/Content/EditorResources/AudioIcons/S_AudioComponent.uasset" 182
"../../../Engine/Content/EditorResources/AudioIcons/S_AudioComponent_AutoActivate.uasset" 183
"../../../Engine/Content/EditorResources/LightIcons/S_LightError.uasset" 184
"../../../Engine/Content/EditorResources/SequenceRecorder/Countdown.uasset" 185
"../../../Engine/Content/EditorResources/SequenceRecorder/RecordingIndicator.uasset" 186
"../../../Engine/Content/EditorSounds/Notifications/CompileFailed.uasset" 187
"../../../Engine/Content/EditorSounds/Notifications/CompileFailed_Cue.uasset" 188
"../../../Engine/Content/EditorSounds/Notifications/CompileSuccess.uasset" 189
"../../../Engine/Content/EditorSounds/Notifications/CompileStart_Cue.uasset" 190
"../../../Engine/Content/EditorSounds/Notifications/CompileSuccess_Cue.uasset" 191
"../../../Engine/Content/EngineDamageTypes/DmgTypeBP_Environmental.uasset" 192
"../../../Engine/Content/EngineDebugMaterials/HeatmapGradient.uasset" 193
"../../../Engine/Content/EngineDebugMaterials/BoneWeightMaterial.uasset" 194
"../../../Engine/Content/EngineDebugMaterials/ClothMaterial.uasset" 195
"../../../Engine/Content/EngineDebugMaterials/ClothMaterial_WF.uasset" 196
"../../../Engine/Content/EngineDebugMaterials/DebugEditorMaterial.uasset" 197
"../../../Engine/Content/EngineDebugMaterials/DebugMeshMaterial.uasset" 198
"../../../Engine/Content/EngineDebugMaterials/GeomMaterial.uasset" 199
"../../../Engine/Content/EngineFonts/Faces/RobotoBold.uasset" 200
"../../../Engine/Content/EngineFonts/Faces/RobotoBoldItalic.uasset" 201
"../../../Engine/Content/EngineFonts/Faces/RobotoItalic.uasset" 202
"../../../Engine/Content/EngineFonts/Faces/RobotoLight.uasset" 203
"../../../Engine/Content/EngineFonts/Faces/RobotoRegular.uasset" 204
"../../../Engine/Content/EngineFonts/Roboto.uasset" 205
"../../../Engine/Content/EngineFonts/Faces/RobotoTiny.uasset" 206
"../../../Engine/Content/EngineFonts/RobotoTiny.uasset" 207
"../../../Engine/Content/EngineMaterials/DefaultBloomKernel.uasset" 208
"../../../Engine/Content/EngineMaterials/DefaultBokeh.uasset" 209
"../../../Engine/Content/EngineMaterials/DefaultDiffuse.uasset" 210
"../../../Engine/Content/EngineMaterials/DefaultDeferredDecalMaterial.uasset" 211
"../../../Engine/Content/EngineMaterials/DefaultLightFunctionMaterial.uasset" 212
"../../../Engine/Content/EngineMaterials/DefaultPhysicalMaterial.uasset" 213
"../../../Engine/Content/EngineMaterials/DefaultPostProcessMaterial.uasset" 214
"../../../Engine/Content/EngineFonts/RobotoDistanceField.uasset" 215
"../../../Engine/Content/EngineMaterials/DefaultTextMaterialOpaque.uasset" 216
"../../../Engine/Content/EngineMaterials/DefaultWhiteGrid.uasset" 217
"../../../Engine/Content/EngineMaterials/EditorBrushMaterial.uasset" 218
"../../../Engine/Content/EngineMaterials/MiniFont.uasset" 219
"../../../Engine/Content/EngineMaterials/InvalidLightmapSettings.uasset" 220
"../../../Engine/Content/EngineMaterials/M_InvalidLightmapSettings.uasset" 221
"../../../Engine/Content/Functions/Engine_MaterialFunctions02/WorldPositionOffset/CameraOffset.uasset" 222
"../../../Engine/Content/EngineMaterials/PhAT_JointLimitMaterial.uasset" 223
"../../../Engine/Content/EngineMaterials/PreintegratedSkinBRDF.uasset" 224
"../../../Engine/Content/EngineMaterials/RemoveSurfaceMaterial.uasset" 225
"../../../Engine/Content/EngineMaterials/WeightMapPlaceholderTexture.uasset" 226
"../../../Engine/Content/EngineResources/WhiteSquareTexture.uasset" 227
"../../../Engine/Content/EngineMaterials/Widget3DPassThrough.uasset" 228
"../../../Engine/Content/EngineMaterials/Widget3DPassThrough_Masked.uasset" 229
"../../../Engine/Content/EngineMaterials/Widget3DPassThrough_Opaque.uasset" 230
"../../../Engine/Content/EngineMaterials/Widget3DPassThrough_Masked_OneSided.uasset" 231
"../../../Engine/Content/EngineMaterials/Widget3DPassThrough_Opaque_OneSided.uasset" 232
"../../../Engine/Content/EngineMaterials/Widget3DPassThrough_Translucent.uasset" 233
"../../../Engine/Content/EngineMaterials/Widget3DPassThrough_Translucent_OneSided.uasset" 234
"../../../Engine/Content/EngineMeshes/Cube.uasset" 235
"../../../Engine/Content/EngineMeshes/Cylinder.uasset" 236
"../../../Engine/Content/EngineMeshes/Sphere.uasset" 237
"../../../Engine/Content/EngineResources/Black.uasset" 238
"../../../Engine/Content/EngineResources/DefaultTexture.uasset" 239
"../../../Engine/Content/EngineResources/DefaultTextureCube.uasset" 240
"../../../Engine/Content/EngineResources/GradientTexture0.uasset" 241
"../../../Engine/Content/EngineSounds/Master.uasset" 242
"../../../Engine/Content/Functions/Engine_MaterialFunctions01/Shading/ConvertFromDiffSpec.uasset" 243
"../../../Engine/Content/Functions/Engine_MaterialFunctions01/Shading/PowerToRoughness.uasset" 244
"../../../Engine/Content/Maps/Templates/Thumbnails/Default.uasset" 245
"../../../Engine/Content/Maps/Templates/Thumbnails/VR-Basic.uasset" 246
"../../../Engine/Content/MobileResources/T_MobileControls_texture.uasset" 247
"../../../Engine/Content/MobileResources/T_MobileMenu2.uasset" 248
"../../../Engine/Content/MobileResources/HUD/AnalogHat.uasset" 249
"../../../Engine/Content/MobileResources/HUD/VirtualJoystick_Background.uasset" 250
"../../../Engine/Content/MobileResources/HUD/VirtualJoystick_Thumb.uasset" 251
"../../../Engine/Content/MobileResources/HUD/DefaultVirtualJoysticks.uasset" 252
"../../../Engine/Content/MobileResources/HUD/LeftVirtualJoystickOnly.uasset" 253
"../../../Engine/Content/MobileResources/HUD/MobileHUDButton1_off.uasset" 254
"../../../Engine/Content/MobileResources/HUD/MobileHUDButton1_on.uasset" 255
"../../../Engine/Content/MobileResources/HUD/MobileHUDButton2_off.uasset" 256
"../../../Engine/Content/MobileResources/HUD/MobileHUDButton2_on.uasset" 257
"../../../Engine/Content/MobileResources/HUD/MobileHUDButton3.uasset" 258
"../../../Engine/Content/MobileResources/HUD/MobileHUDButtonFire.uasset" 259
"../../../Engine/Content/MobileResources/HUD/MobileHUDDirectionPad.uasset" 260
"../../../Engine/Content/MobileResources/HUD/MobileHUDDirectionPad2.uasset" 261
"../../../Engine/Content/MobileResources/HUD/MobileHUDDirectionPad3.uasset" 262
"../../../Engine/Content/MobileResources/HUD/MobileHUDDirectionStick.uasset" 263
"../../../Engine/Content/MobileResources/HUD/T_Castle_ThumbstickInner.uasset" 264
"../../../Engine/Content/MobileResources/HUD/T_Castle_ThumbstickOutter.uasset" 265
"../../../Engine/Content/Tutorial/ContentIntroCurve.uasset" 266
"../../../Engine/Content/Tutorial/Basics/TutorialAssets/icon_tab_Levels_40x.uasset" 267
"../../../Engine/Content/Tutorial/BlueprintTutorials/TutorialAssets/BlueprintInterface_64x.uasset" 268
"../../../Engine/Content/Tutorial/BlueprintTutorials/TutorialAssets/BlueprintMacroLibrary_64x.uasset" 269
"../../../Engine/Content/Tutorial/BlueprintTutorials/TutorialAssets/Blueprint_64x.uasset" 270
"../../../Engine/Content/Tutorial/BlueprintTutorials/TutorialAssets/Tutorial_BP_Interface.uasset" 271
"../../../Engine/Content/Tutorial/Foliage/TutorialAssets/Foliage.uasset" 272
"../../../Engine/Content/Tutorial/Landscape/TutorialAssets/Landscape.uasset" 273
"../../../Engine/Content/Tutorial/Paper2D/TutorialAssets/Paper2DFlipbook_TutorialIcon.uasset" 274
"../../../Engine/Content/Tutorial/Paper2D/TutorialAssets/Paper2DSprite_TutorialIcon.uasset" 275
"../../../Engine/Content/Tutorial/SubEditors/TutorialAssets/icon_Editor_Preferences_General_40x.uasset" 276
"../../../Engine/Content/Tutorial/SubEditors/TutorialAssets/icon_ShowSkeletalMeshes_40x.uasset" 277
"../../../Engine/Content/Tutorial/SubEditors/TutorialAssets/TutorialMaterial.uasset" 278
"../../../Engine/Content/Tutorial/SubEditors/TutorialAssets/T_SmokeSubUV_8X8.uasset" 279
"../../../Engine/Content/Tutorial/SubEditors/TutorialAssets/T_soft_smoke.uasset" 280
"../../../Engine/Content/Tutorial/SubEditors/TutorialAssets/M_smoke_subUV_blackbody.uasset" 281
"../../../Engine/Content/Tutorial/SubEditors/TutorialAssets/TutorialParticleSystem.uasset" 282
"../../../Engine/Content/VREditor/Devices/Generic/GenericHMDMaterial.uasset" 283
"../../../Engine/Content/VREditor/Devices/Generic/GenericHMD.uasset" 284
"../../../Engine/Content/Functions/Engine_MaterialFunctions02/Utility/BreakOutFloat3Components.uasset" 285
"../../../Engine/Content/VREditor/Devices/Vive/VivePreController_MasksB.uasset" 286
"../../../Engine/Content/VREditor/Devices/Oculus/OculusControllerMaterial.uasset" 287
"../../../Engine/Content/VREditor/Devices/Oculus/OculusControllerMaterial_Inst.uasset" 288
"../../../Engine/Content/VREditor/Devices/Oculus/OculusControllerMesh.uasset" 289
"../../../Engine/Content/VREditor/Devices/Vive/T_VivePreController_EM.uasset" 290
"../../../Engine/Content/VREditor/Devices/Vive/VivePreController_MasksA.uasset" 291
"../../../Engine/Content/VREditor/Devices/Vive/VivePreControllerDiffuse.uasset" 292
"../../../Engine/Content/VREditor/Devices/Vive/VivePreControllerSpec.uasset" 293
"../../../Engine/Content/VREditor/LaserPointer/VR_LaserPower_01.uasset" 294
"../../../Engine/Content/VREditor/Devices/Vive/VivePreControllerMaterial.uasset" 295
"../../../Engine/Content/VREditor/Devices/Vive/VivePreControllerMaterial_Inst.uasset" 296
"../../../Engine/Content/VREditor/Devices/Vive/VivePreControllerMesh.uasset" 297
"../../../Engine/Content/VREditor/FloatingText/LineMaterial.uasset" 298
"../../../Engine/Content/VREditor/FloatingText/JointSphere.uasset" 299
"../../../Engine/Content/VREditor/FloatingText/LineSegmentCylinder.uasset" 300
"../../../Engine/Content/VREditor/Fonts/VRText_RobotoLarge.uasset" 301
"../../../Engine/Content/VREditor/Fonts/VRTextMaterial.uasset" 302
"../../../Engine/Content/VREditor/Fonts/TranslucentVRTextMaterial.uasset" 303
"../../../Engine/Content/VREditor/LaserPointer/CursorPointer.uasset" 304
"../../../Engine/Content/VREditor/TransformGizmo/TransformGizmoMaterial.uasset" 305
"../../../Engine/Content/VREditor/LaserPointer/HoverMaterial.uasset" 306
"../../../Engine/Content/VREditor/TransformGizmo/TranslucentTransformGizmoMaterial.uasset" 307
"../../../Engine/Content/VREditor/LaserPointer/TranslucentHoverMaterial.uasset" 308
"../../../Engine/Content/VREditor/LaserPointer/HoverMesh.uasset" 309
"../../../Engine/Content/VREditor/LaserPointer/LaserPointerMaterial.uasset" 310
"../../../Engine/Content/VREditor/LaserPointer/LaserPointerMaterialInst.uasset" 311
"../../../Engine/Content/VREditor/LaserPointer/TranslucentLaserPointerMaterialInst.uasset" 312
"../../../Engine/Content/VREditor/LaserPointer/LaserPointerMesh.uasset" 313
"../../../Engine/Content/VREditor/LaserPointer/LaserPointerMesh_End.uasset" 314
"../../../Engine/Content/VREditor/LaserPointer/LaserPointerMesh_Start.uasset" 315
"../../../Engine/Content/VREditor/Sounds/VR_teleport.uasset" 316
"../../../Engine/Content/VREditor/Sounds/UI/Click_on_Button.uasset" 317
"../../../Engine/Content/VREditor/Sounds/UI/Click_on_Button_Cue.uasset" 318
"../../../Engine/Content/VREditor/Sounds/UI/Dockable_Window_Close.uasset" 319
"../../../Engine/Content/VREditor/Sounds/UI/Dockable_Window_Drop.uasset" 320
"../../../Engine/Content/VREditor/Sounds/UI/Dockable_Window_Open.uasset" 321
"../../../Engine/Content/VREditor/Sounds/UI/Dockable_Window_Pick_Up.uasset" 322
"../../../Engine/Content/VREditor/Sounds/UI/Drop_Item_From_ContentBrowser.uasset" 323
"../../../Engine/Content/VREditor/Sounds/UI/Floating_UI_Open-001.uasset" 324
"../../../Engine/Content/VREditor/Sounds/UI/Radial_Menu_FadeOut.uasset" 325
"../../../Engine/Content/VREditor/Sounds/UI/Teleport_Mode_Entered.uasset" 326
"../../../Engine/Content/VREditor/Teleport/TeleportDirectionMaterial.uasset" 327
"../../../Engine/Content/VREditor/Teleport/TeleportDirectionMaterial_Inst.uasset" 328
"../../../Engine/Content/VREditor/Teleport/TeleportDirectionMesh.uasset" 329
"../../../Engine/Content/VREditor/TransformGizmo/BoundingBoxCorner.uasset" 330
"../../../Engine/Content/VREditor/TransformGizmo/BoundingBoxEdge.uasset" 331
"../../../Engine/Content/VREditor/TransformGizmo/PlaneTranslationHandle.uasset" 332
"../../../Engine/Content/VREditor/TransformGizmo/Main.uasset" 333
"../../../Engine/Content/VREditor/TransformGizmo/Xray.uasset" 334
"../../../Engine/Content/VREditor/TransformGizmo/SM_Dialog_Close.uasset" 335
"../../../Engine/Content/VREditor/TransformGizmo/SM_Dialog_Move.uasset" 336
"../../../Engine/Content/VREditor/TransformGizmo/SM_Sequencer_Key.uasset" 337
"../../../Engine/Content/VREditor/TransformGizmo/SM_Sequencer_Node.uasset" 338
"../../../Engine/Content/VREditor/TransformGizmo/TransformGizmoMaterial_Inst.uasset" 339
"../../../Engine/Content/VREditor/TransformGizmo/TranslucentTransformGizmoMaterial_Inst.uasset" 340
"../../../Engine/Content/VREditor/Devices/Vive/UE4_Logo.uasset" 341
"../../../Engine/Content/VREditor/UI/M_ContentWindow.uasset" 342
"../../../Engine/Content/VREditor/UI/SM_ContentWindow_01.uasset" 343
"../../../Engine/Content/VREditor/UI/KeyDiskMaterial.uasset" 344
"../../../Engine/Content/VREditor/UI/DiscMaterial.uasset" 345
"../../../Engine/Content/VREditor/UI/SM_Radial_Disk.uasset" 346
"../../../Engine/Content/VREditor/UI/ArrowMaterial.uasset" 347
"../../../Engine/Content/VREditor/UI/SM_Radial_Pointer.uasset" 348
"../../../Engine/Content/Functions/Engine_MaterialFunctions01/Gradient/RadialGradient.uasset" 349
"../../../Engine/Content/VREditor/WorldMovementGrid/SimpleGrid.uasset" 350
"../../../Engine/Content/VREditor/WorldMovementGrid/GridMaterial.uasset" 351
"../../../Engine/Content/VREditor/WorldMovementGrid/GridPostProcess.uasset" 352
"../../../Engine/Content/EditorLandscapeResources/FlattenHeightMat.uasset" 353
"../../../Engine/Content/VREditor/WorldMovementGrid/PlaneMesh.uasset" 354
"../../Plugins/2D/Paper2D/Content/PlaceholderTextures/DummySpriteTexture.uasset" 355
"../../Plugins/2D/Paper2D/Content/DummySprite.uasset" 356
"../../Plugins/2D/Paper2D/Content/DefaultPaperTerrainMaterial.uasset" 357
"../../Plugins/2D/Paper2D/Content/DefaultSpriteMaterial.uasset" 358
"../../Plugins/2D/Paper2D/Content/MaskedUnlitSpriteMaterial.uasset" 359
"../../Plugins/2D/Paper2D/Content/OpaqueUnlitSpriteMaterial.uasset" 360
"../../Plugins/Media/MediaCompositing/Content/DefaultMediaPlaneTexture.uasset" 361
"../../Plugins/Media/MediaCompositing/Content/DefaultMediaPlaneMaterial.uasset" 362
"../../../Engine/Content/Functions/Engine_MaterialFunctions02/Utility/MakeFloat4.uasset" 363
"../../Plugins/Runtime/AppleARKit/Content/ARKitCameraMaterial.uasset" 364
"../../Plugins/Runtime/Oculus/OculusVR/Content/Textures/GearVRController_AO.uasset" 365
"../../Plugins/Runtime/Oculus/OculusVR/Content/Textures/GearVRController_Color.uasset" 366
"../../Plugins/Runtime/Oculus/OculusVR/Content/Textures/GearVRController_Normal.uasset" 367
"../../Plugins/Runtime/Oculus/OculusVR/Content/Materials/GearVRControllerMaterial.uasset" 368
"../../Plugins/Runtime/Oculus/OculusVR/Content/Meshes/GearVrController.uasset" 369
"../../../Engine/Content/EngineSky/C_Sky_Cloud_Color.uasset" 370
"../../../Engine/Content/EngineSky/C_Sky_Horizon_Color.uasset" 371
"../../../Engine/Content/EngineSky/C_Sky_Zenith_Color.uasset" 372
"../../../Engine/Content/EngineSky/T_Sky_Blue.uasset" 373
"../../../Engine/Content/EngineSky/T_Sky_Clouds_M.uasset" 374
"../../../Engine/Content/EngineSky/T_Sky_Stars.uasset" 375
"../../../Engine/Content/EngineSky/M_Sky_Panning_Clouds2.uasset" 376
"../../../Engine/Content/EngineSky/SM_SkySphere.uasset" 377
"../../../Engine/Content/EngineSky/BP_Sky_Sphere.uasset" 378
"../../../Projects/FinalProject/Content/PolygonSamurai/Maps/Demonstration_BuiltData.uasset" 379
"../../../Projects/FinalProject/Content/PolygonSamurai/Materials/Mat_PolygonSamurai_01.uasset" 380
"../../../Projects/FinalProject/Content/PolygonSamurai/Textures/Tex_PolygonSamurai_02.uasset" 381
"../../../Projects/FinalProject/Content/PolygonSamurai/Materials/Mat_PolygonSamurai_02.uasset" 382
"../../../Projects/FinalProject/Content/PolygonSamurai/Textures/Tex_PolygonSamurai_03.uasset" 383
"../../../Projects/FinalProject/Content/PolygonSamurai/Materials/Mat_PolygonSamurai_03.uasset" 384
"../../../Projects/FinalProject/Content/PolygonSamurai/Textures/Tex_PolygonSamurai_04.uasset" 385
"../../../Projects/FinalProject/Content/PolygonSamurai/Materials/Mat_PolygonSamurai_04.uasset" 386
"../../../Projects/FinalProject/Content/PolygonSamurai/Materials/Mat_PolygonSamurai_Cloud.uasset" 387
"../../../Projects/FinalProject/Content/PolygonSamurai/Materials/Mat_PolygonSamurai_Water.uasset" 388
"../../../Projects/FinalProject/Content/PolygonSamurai/Meshes/Buildings/SM_Bld_Base_Large_01.uasset" 389
"../../../Projects/FinalProject/Content/PolygonSamurai/Meshes/Buildings/SM_Bld_Base_Large_03.uasset" 390
"../../../Projects/FinalProject/Content/PolygonSamurai/Meshes/Buildings/SM_Bld_Base_Large_Door_01.uasset" 391
"../../../Projects/FinalProject/Content/PolygonSamurai/Meshes/Buildings/SM_Bld_Base_Large_DoorWay_01.uasset" 392
"../../../Projects/FinalProject/Content/PolygonSamurai/Meshes/Buildings/SM_Bld_Block_01.uasset" 393
"../../../Projects/FinalProject/Content/PolygonSamurai/Meshes/Buildings/SM_Bld_Block_CornerPillar_01.uasset" 394
"../../../Projects/FinalProject/Content/PolygonSamurai/Meshes/Buildings/SM_Bld_Block_Stairs_01.uasset" 395
"../../../Projects/FinalProject/Content/PolygonSamurai/Meshes/Buildings/SM_Bld_Castle_Base_Large_Windows_01.uasset" 396
"../../../Projects/FinalProject/Content/PolygonSamurai/Meshes/Buildings/SM_Bld_Castle_Base_Medium_Windows_01.uasset" 397
"../../../Projects/FinalProject/Content/PolygonSamurai/Meshes/Buildings/SM_Bld_Castle_Base_Small_Windows_01.uasset" 398
"../../../Projects/FinalProject/Content/PolygonSamurai/Meshes/Buildings/SM_Bld_Castle_Base_Top_01.uasset" 399
"../../../Projects/FinalProject/Content/PolygonSamurai/Meshes/Buildings/SM_Bld_Castle_Gates_01.uasset" 400
"../../../Projects/FinalProject/Content/PolygonSamurai/Meshes/Buildings/SM_Bld_Castle_Roof_Addon_01.uasset" 401
"../../../Projects/FinalProject/Content/PolygonSamurai/Meshes/Buildings/SM_Bld_Castle_Roof_Addon_02.uasset" 402
"../../../Projects/FinalProject/Content/PolygonSamurai/Meshes/Buildings/SM_Bld_Castle_Roof_Large_01.uasset" 403
"../../../Projects/FinalProject/Content/PolygonSamurai/Meshes/Buildings/SM_Bld_Castle_Roof_Medium_01.uasset" 404
"../../../Projects/FinalProject/Content/PolygonSamurai/Meshes/Buildings/SM_Bld_Castle_Roof_Small_01.uasset" 405
"../../../Projects/FinalProject/Content/PolygonSamurai/Meshes/Buildings/SM_Bld_Castle_Roof_Top_01.uasset" 406
"../../../Projects/FinalProject/Content/PolygonSamurai/Meshes/Buildings/SM_Bld_House_Addon_01.uasset" 407
"../../../Projects/FinalProject/Content/PolygonSamurai/Meshes/Buildings/SM_Bld_House_Addon_02.uasset" 408
"../../../Projects/FinalProject/Content/PolygonSamurai/Meshes/Buildings/SM_Bld_House_Addon_04.uasset" 409
"../../../Projects/FinalProject/Content/PolygonSamurai/Meshes/Buildings/SM_Bld_House_Base_01.uasset" 410
"../../../Projects/FinalProject/Content/PolygonSamurai/Meshes/Buildings/SM_Bld_House_Base_Extension_01.uasset" 411
"../../../Projects/FinalProject/Content/PolygonSamurai/Meshes/Buildings/SM_Bld_House_Base_Long_01.uasset" 412
"../../../Projects/FinalProject/Content/PolygonSamurai/Meshes/Buildings/SM_Bld_House_Base_Long_02.uasset" 413
"../../../Projects/FinalProject/Content/PolygonSamurai/Meshes/Buildings/SM_Bld_House_Base_Long_Extension_01.uasset" 414
"../../../Projects/FinalProject/Content/PolygonSamurai/Meshes/Buildings/SM_Bld_House_Door_02.uasset" 415
"../../../Projects/FinalProject/Content/PolygonSamurai/Meshes/Buildings/SM_Bld_House_Roof_Long_Thatch_01.uasset" 416
"../../../Projects/FinalProject/Content/PolygonSamurai/Meshes/Buildings/SM_Bld_House_Roof_Long_Wood_01.uasset" 417
"../../../Projects/FinalProject/Content/PolygonSamurai/Meshes/Buildings/SM_Bld_House_Roof_Thatch_01.uasset" 418
"../../../Projects/FinalProject/Content/PolygonSamurai/Meshes/Buildings/SM_Bld_House_Roof_Wood_01.uasset" 419
"../../../Projects/FinalProject/Content/PolygonSamurai/Meshes/Buildings/SM_Bld_Platform_Large_01.uasset" 420
"../../../Projects/FinalProject/Content/PolygonSamurai/Meshes/Buildings/SM_Bld_Platform_Large_Legs_01.uasset" 421
"../../../Projects/FinalProject/Content/PolygonSamurai/Meshes/Buildings/SM_Bld_Platform_Medium_01.uasset" 422
"../../../Projects/FinalProject/Content/PolygonSamurai/Meshes/Buildings/SM_Bld_Platform_Medium_02.uasset" 423
"../../../Projects/FinalProject/Content/PolygonSamurai/Meshes/Buildings/SM_Bld_Platform_Medium_Legs_01.uasset" 424
"../../../Projects/FinalProject/Content/PolygonSamurai/Meshes/Buildings/SM_Bld_Platform_Small_01.uasset" 425
"../../../Projects/FinalProject/Content/PolygonSamurai/Meshes/Buildings/SM_Bld_Platform_Small_02.uasset" 426
"../../../Projects/FinalProject/Content/PolygonSamurai/Meshes/Buildings/SM_Bld_Platform_Small_Legs_01.uasset" 427
"../../../Projects/FinalProject/Content/PolygonSamurai/Meshes/Buildings/SM_Bld_Platform_Stairs_01.uasset" 428
"../../../Projects/FinalProject/Content/PolygonSamurai/Meshes/Buildings/SM_Bld_Room_Long_01.uasset" 429
"../../../Projects/FinalProject/Content/PolygonSamurai/Meshes/Buildings/SM_Bld_Room_Long_02.uasset" 430
"../../../Projects/FinalProject/Content/PolygonSamurai/Meshes/Buildings/SM_Bld_Room_Long_03.uasset" 431
"../../../Projects/FinalProject/Content/PolygonSamurai/Meshes/Buildings/SM_Bld_Temple_Base_Large_01.uasset" 432
"../../../Projects/FinalProject/Content/PolygonSamurai/Meshes/Buildings/SM_Bld_Temple_Base_Medium_01.uasset" 433
"../../../Projects/FinalProject/Content/PolygonSamurai/Meshes/Buildings/SM_Bld_Temple_Base_Small_01.uasset" 434
"../../../Projects/FinalProject/Content/PolygonSamurai/Meshes/Buildings/SM_Bld_Temple_Door_01.uasset" 435
"../../../Projects/FinalProject/Content/PolygonSamurai/Meshes/Buildings/SM_Bld_Temple_Door_02.uasset" 436
"../../../Projects/FinalProject/Content/PolygonSamurai/Meshes/Buildings/SM_Bld_Temple_Roof_Addon_01.uasset" 437
"../../../Projects/FinalProject/Content/PolygonSamurai/Meshes/Buildings/SM_Bld_Temple_Roof_Large_01.uasset" 438
"../../../Projects/FinalProject/Content/PolygonSamurai/Meshes/Buildings/SM_Bld_Temple_Roof_Medium_01.uasset" 439
"../../../Projects/FinalProject/Content/PolygonSamurai/Meshes/Buildings/SM_Bld_Temple_Roof_Small_01.uasset" 440
"../../../Projects/FinalProject/Content/PolygonSamurai/Meshes/Buildings/SM_Bld_Temple_Roof_Small_02.uasset" 441
"../../../Projects/FinalProject/Content/PolygonSamurai/Meshes/Buildings/SM_Bld_Temple_Roof_Tip_01.uasset" 442
"../../../Projects/FinalProject/Content/PolygonSamurai/Meshes/Buildings/SM_Bld_Tower_01.uasset" 443
"../../../Projects/FinalProject/Content/PolygonSamurai/Meshes/Buildings/SM_Bld_Tower_02.uasset" 444
"../../../Projects/FinalProject/Content/PolygonSamurai/Meshes/Environment/SM_Env_Archway_01.uasset" 445
"../../../Projects/FinalProject/Content/PolygonSamurai/Meshes/Environment/SM_Env_Bamboo_Group_01.uasset" 446
"../../../Projects/FinalProject/Content/PolygonSamurai/Meshes/Environment/SM_Env_Bamboo_Group_02.uasset" 447
"../../../Projects/FinalProject/Content/PolygonSamurai/Meshes/Environment/SM_Env_Bamboo_Group_03.uasset" 448
"../../../Projects/FinalProject/Content/PolygonSamurai/Meshes/Environment/SM_Env_Bridge_02.uasset" 449
"../../../Projects/FinalProject/Content/PolygonSamurai/Meshes/Environment/SM_Env_Bridge_03.uasset" 450
"../../../Projects/FinalProject/Content/PolygonSamurai/Meshes/Environment/SM_Env_Bush_01.uasset" 451
"../../../Projects/FinalProject/Content/PolygonSamurai/Meshes/Environment/SM_Env_Cliff_01.uasset" 452
"../../../Projects/FinalProject/Content/PolygonSamurai/Meshes/Environment/SM_Env_Cliff_02.uasset" 453
"../../../Projects/FinalProject/Content/PolygonSamurai/Meshes/Environment/SM_Env_Cloud_01.uasset" 454
"../../../Projects/FinalProject/Content/PolygonSamurai/Meshes/Environment/SM_Env_Cloud_02.uasset" 455
"../../../Projects/FinalProject/Content/PolygonSamurai/Meshes/Environment/SM_Env_Cloud_03.uasset" 456
"../../../Projects/FinalProject/Content/PolygonSamurai/Meshes/Environment/SM_Env_CropRow_02.uasset" 457
"../../../Projects/FinalProject/Content/PolygonSamurai/Meshes/Environment/SM_Env_CropRow_03.uasset" 458
"../../../Projects/FinalProject/Content/PolygonSamurai/Meshes/Environment/SM_Env_DirtPath_02.uasset" 459
"../../../Projects/FinalProject/Content/PolygonSamurai/Meshes/Environment/SM_Env_DirtPath_03.uasset" 460
"../../../Projects/FinalProject/Content/PolygonSamurai/Meshes/Environment/SM_Env_Fence_01.uasset" 461
"../../../Projects/FinalProject/Content/PolygonSamurai/Meshes/Environment/SM_Env_Fence_Post_01.uasset" 462
"../../../Projects/FinalProject/Content/PolygonSamurai/Meshes/Environment/SM_Env_Flowers_01.uasset" 463
"../../../Projects/FinalProject/Content/PolygonSamurai/Meshes/Environment/SM_Env_Flowers_02.uasset" 464
"../../../Projects/FinalProject/Content/PolygonSamurai/Meshes/Environment/SM_Env_Fuji_01.uasset" 465
"../../../Projects/FinalProject/Content/PolygonSamurai/Meshes/Environment/SM_Env_GroundMound_01.uasset" 466
"../../../Projects/FinalProject/Content/PolygonSamurai/Meshes/Environment/SM_Env_GroundMound_02.uasset" 467
"../../../Projects/FinalProject/Content/PolygonSamurai/Meshes/Environment/SM_Env_GroundMound_03.uasset" 468
"../../../Projects/FinalProject/Content/PolygonSamurai/Meshes/Environment/SM_Env_GroundMound_Fuji_01.uasset" 469
"../../../Projects/FinalProject/Content/PolygonSamurai/Meshes/Environment/SM_Env_Hill_Cascade_01.uasset" 470
"../../../Projects/FinalProject/Content/PolygonSamurai/Meshes/Environment/SM_Env_Hill_Cascade_02.uasset" 471
"../../../Projects/FinalProject/Content/PolygonSamurai/Meshes/Environment/SM_Env_Hill_Cascade_03.uasset" 472
"../../../Projects/FinalProject/Content/PolygonSamurai/Meshes/Environment/SM_Env_Lillypad_Large_01.uasset" 473
"../../../Projects/FinalProject/Content/PolygonSamurai/Meshes/Environment/SM_Env_Lillypad_Large_02.uasset" 474
"../../../Projects/FinalProject/Content/PolygonSamurai/Meshes/Environment/SM_Env_Lillypad_Large_03.uasset" 475
"../../../Projects/FinalProject/Content/PolygonSamurai/Meshes/Environment/SM_Env_Lillypad_Small_01.uasset" 476
"../../../Projects/FinalProject/Content/PolygonSamurai/Meshes/Environment/SM_Env_Path_Straight_01.uasset" 477
"../../../Projects/FinalProject/Content/PolygonSamurai/Meshes/Environment/SM_Env_Path_Straight_02.uasset" 478
"../../../Projects/FinalProject/Content/PolygonSamurai/Meshes/Environment/SM_Env_Plant_01.uasset" 479
"../../../Projects/FinalProject/Content/PolygonSamurai/Meshes/Environment/SM_Env_Plant_02.uasset" 480
"../../../Projects/FinalProject/Content/PolygonSamurai/Meshes/Environment/SM_Env_PondEdge_01.uasset" 481
"../../../Projects/FinalProject/Content/PolygonSamurai/Meshes/Environment/SM_Env_PondEdge_02.uasset" 482
"../../../Projects/FinalProject/Content/PolygonSamurai/Meshes/Environment/SM_Env_PondEdge_03.uasset" 483
"../../../Projects/FinalProject/Content/PolygonSamurai/Meshes/Environment/SM_Env_PondGround_01.uasset" 484
"../../../Projects/FinalProject/Content/PolygonSamurai/Meshes/Environment/SM_Env_PondGround_02.uasset" 485
"../../../Projects/FinalProject/Content/PolygonSamurai/Meshes/Environment/SM_Env_RicePlant_01.uasset" 486
"../../../Projects/FinalProject/Content/PolygonSamurai/Meshes/Environment/SM_Env_RicePlant_02.uasset" 487
"../../../Projects/FinalProject/Content/PolygonSamurai/Meshes/Environment/SM_Env_Rock_01.uasset" 488
"../../../Projects/FinalProject/Content/PolygonSamurai/Meshes/Environment/SM_Env_Rock_02.uasset" 489
"../../../Projects/FinalProject/Content/PolygonSamurai/Meshes/Environment/SM_Env_Rock_03.uasset" 490
"../../../Projects/FinalProject/Content/PolygonSamurai/Meshes/Environment/SM_Env_Rock_Large_04.uasset" 491
"../../../Projects/FinalProject/Content/PolygonSamurai/Meshes/Environment/SM_Env_SteppingStone_02.uasset" 492
"../../../Projects/FinalProject/Content/PolygonSamurai/Meshes/Environment/SM_Env_SteppingStone_03.uasset" 493
"../../../Projects/FinalProject/Content/PolygonSamurai/Meshes/Environment/SM_Env_SteppingStone_04.uasset" 494
"../../../Projects/FinalProject/Content/PolygonSamurai/Meshes/Environment/SM_Env_Tile_Dirt_01.uasset" 495
"../../../Projects/FinalProject/Content/PolygonSamurai/Meshes/Environment/SM_Env_Tile_Grass_01.uasset" 496
"../../../Projects/FinalProject/Content/PolygonSamurai/Meshes/Environment/SM_Env_Tile_Zen_01.uasset" 497
"../../../Projects/FinalProject/Content/PolygonSamurai/Meshes/Environment/SM_Env_Tile_Zen_02.uasset" 498
"../../../Projects/FinalProject/Content/PolygonSamurai/Meshes/Environment/SM_Env_Tree_01.uasset" 499
"../../../Projects/FinalProject/Content/PolygonSamurai/Meshes/Environment/SM_Env_Tree_02.uasset" 500
"../../../Projects/FinalProject/Content/PolygonSamurai/Meshes/Environment/SM_Env_Tree_03.uasset" 501
"../../../Projects/FinalProject/Content/PolygonSamurai/Meshes/Environment/SM_Env_Tree_04.uasset" 502
"../../../Projects/FinalProject/Content/PolygonSamurai/Meshes/Environment/SM_Env_Tulips_01.uasset" 503
"../../../Projects/FinalProject/Content/PolygonSamurai/Meshes/Environment/SM_Env_Tulips_02.uasset" 504
"../../../Projects/FinalProject/Content/PolygonSamurai/Meshes/Environment/SM_Env_WoodEdge_Corner_01.uasset" 505
"../../../Projects/FinalProject/Content/PolygonSamurai/Meshes/Environment/SM_Env_WoodEdge_Straight_01.uasset" 506
"../../../Projects/FinalProject/Content/PolygonSamurai/Meshes/Environment/SM_Env_Zen_Rock_01.uasset" 507
"../../../Projects/FinalProject/Content/PolygonSamurai/Meshes/Environment/SM_Env_Zen_Rock_02.uasset" 508
"../../../Projects/FinalProject/Content/PolygonSamurai/Meshes/Props/SM_Prop_Bamboo_Pole_02.uasset" 509
"../../../Projects/FinalProject/Content/PolygonSamurai/Meshes/Props/SM_Prop_Basket_Rice_01.uasset" 510
"../../../Projects/FinalProject/Content/PolygonSamurai/Meshes/Props/SM_Prop_Bucket_01.uasset" 511
"../../../Projects/FinalProject/Content/PolygonSamurai/Meshes/Props/SM_Prop_Bucket_02.uasset" 512
"../../../Projects/FinalProject/Content/PolygonSamurai/Meshes/Props/SM_Prop_Fence_Simple_Straight_01.uasset" 513
"../../../Projects/FinalProject/Content/PolygonSamurai/Meshes/Props/SM_Prop_Flag_01.uasset" 514
"../../../Projects/FinalProject/Content/PolygonSamurai/Meshes/Props/SM_Prop_Flag_03.uasset" 515
"../../../Projects/FinalProject/Content/PolygonSamurai/Meshes/Props/SM_Prop_Flag_04.uasset" 516
"../../../Projects/FinalProject/Content/PolygonSamurai/Meshes/Props/SM_Prop_Gong_01.uasset" 517
"../../../Projects/FinalProject/Content/PolygonSamurai/Meshes/Props/SM_Prop_Paper_Lantern_02.uasset" 518
"../../../Projects/FinalProject/Content/PolygonSamurai/Meshes/Props/SM_Prop_Pot_01.uasset" 519
"../../../Projects/FinalProject/Content/PolygonSamurai/Meshes/Props/SM_Prop_Pot_02.uasset" 520
"../../../Projects/FinalProject/Content/PolygonSamurai/Meshes/Props/SM_Prop_Pot_03.uasset" 521
"../../../Projects/FinalProject/Content/PolygonSamurai/Meshes/Props/SM_Prop_Rope_01.uasset" 522
"../../../Projects/FinalProject/Content/PolygonSamurai/Meshes/Props/SM_Prop_Shamisen_01.uasset" 523
"../../../Projects/FinalProject/Content/PolygonSamurai/Meshes/Props/SM_Prop_Statue_Lion_02.uasset" 524
"../../../Projects/FinalProject/Content/PolygonSamurai/Meshes/Props/SM_Prop_Stone_Lantern_01.uasset" 525
"../../../Projects/FinalProject/Content/PolygonSamurai/Meshes/Props/SM_Prop_Stone_Lantern_02.uasset" 526
"../../../Projects/FinalProject/Content/PolygonSamurai/Meshes/Props/SM_Prop_StoneBrazier_01.uasset" 527
"../../../Projects/FinalProject/Content/PolygonSamurai/Meshes/Props/SM_Prop_StoneBrazier_02.uasset" 528
"../../../Projects/FinalProject/Content/PolygonSamurai/Meshes/Props/SM_Prop_StoneCircle_01.uasset" 529
"../../../Projects/FinalProject/Content/PolygonSamurai/Meshes/Props/SM_Prop_Table_01.uasset" 530
"../../../Projects/FinalProject/Content/PolygonSamurai/Meshes/Props/SM_Prop_Table_02.uasset" 531
"../../../Projects/FinalProject/Content/PolygonSamurai/Meshes/Props/SM_Prop_Training_Pole_01.uasset" 532
"../../../Projects/FinalProject/Content/PolygonSamurai/Meshes/Props/SM_Prop_Vegetables_01.uasset" 533
"../../../Projects/FinalProject/Content/PolygonSamurai/Meshes/Props/SM_Prop_Vegetables_02.uasset" 534
"../../../Projects/FinalProject/Content/PolygonSamurai/Meshes/Props/SM_Prop_Vegetables_04.uasset" 535
"../../../Projects/FinalProject/Content/PolygonSamurai/Meshes/Props/SM_Prop_Vegetables_05.uasset" 536
"../../../Projects/FinalProject/Content/PolygonSamurai/Meshes/Props/SM_Prop_Zen_Bamboo_01.uasset" 537
"../../../Projects/FinalProject/Content/PolygonSamurai/Meshes/Props/SM_Prop_Zen_Lantern_01.uasset" 538
"../../../Projects/FinalProject/Content/PolygonSamurai/Materials/Mat_FX_Blossom.uasset" 539
"../../../Projects/FinalProject/Content/PolygonSamurai/ParticleFX/FX_Blossom.uasset" 540
"../../../Projects/FinalProject/Content/PolygonSamurai/ParticleFX/FX_Fire.uasset" 541
"../../../Projects/FinalProject/Content/PolygonSamurai/Maps/Demonstration.umap" 542
"../../../Projects/FinalProject/Content/PolygonSamurai/Maps/Overview_BuiltData.uasset" 543
"../../../Projects/FinalProject/Content/PolygonSamurai/Materials/Mat_OverView.uasset" 544
"../../../Engine/Content/BasicShapes/Cube.uasset" 545
"../../../Projects/FinalProject/Content/PolygonSamurai/Meshes/Buildings/SM_Bld_Base_Large_02.uasset" 546
"../../../Projects/FinalProject/Content/PolygonSamurai/Meshes/Buildings/SM_Bld_Base_Small_01.uasset" 547
"../../../Projects/FinalProject/Content/PolygonSamurai/Meshes/Buildings/SM_Bld_Base_Small_02.uasset" 548
"../../../Projects/FinalProject/Content/PolygonSamurai/Meshes/Buildings/SM_Bld_BridgeCover_01.uasset" 549
"../../../Projects/FinalProject/Content/PolygonSamurai/Meshes/Buildings/SM_Bld_Castle_Base_Large_Blank_01.uasset" 550
"../../../Projects/FinalProject/Content/PolygonSamurai/Meshes/Buildings/SM_Bld_Castle_Base_Medium_Blank_01.uasset" 551
"../../../Projects/FinalProject/Content/PolygonSamurai/Meshes/Buildings/SM_Bld_Castle_Base_Small_Blank_01.uasset" 552
"../../../Projects/FinalProject/Content/PolygonSamurai/Meshes/Buildings/SM_Bld_Castle_Window_01.uasset" 553
"../../../Projects/FinalProject/Content/PolygonSamurai/Meshes/Buildings/SM_Bld_House_Addon_03.uasset" 554
"../../../Projects/FinalProject/Content/PolygonSamurai/Meshes/Buildings/SM_Bld_House_Base_02.uasset" 555
"../../../Projects/FinalProject/Content/PolygonSamurai/Meshes/Buildings/SM_Bld_House_Base_Long_03.uasset" 556
"../../../Projects/FinalProject/Content/PolygonSamurai/Meshes/Buildings/SM_Bld_House_Base_Long_04.uasset" 557
"../../../Projects/FinalProject/Content/PolygonSamurai/Meshes/Buildings/SM_Bld_House_Base_Pole_01.uasset" 558
"../../../Projects/FinalProject/Content/PolygonSamurai/Meshes/Buildings/SM_Bld_House_Door_01.uasset" 559
"../../../Projects/FinalProject/Content/PolygonSamurai/Meshes/Buildings/SM_Bld_House_Window_01.uasset" 560
"../../../Projects/FinalProject/Content/PolygonSamurai/Meshes/Buildings/SM_Bld_Platform_Large_02.uasset" 561
"../../../Projects/FinalProject/Content/PolygonSamurai/Meshes/Buildings/SM_Bld_Temple_Window_01.uasset" 562
"../../../Projects/FinalProject/Content/PolygonSamurai/Meshes/Buildings/SM_Bld_Wall_01.uasset" 563
"../../../Projects/FinalProject/Content/PolygonSamurai/Meshes/Environment/SM_Env_Bamboo_Tree_01.uasset" 564
"../../../Projects/FinalProject/Content/PolygonSamurai/Meshes/Environment/SM_Env_Bamboo_Tree_02.uasset" 565
"../../../Projects/FinalProject/Content/PolygonSamurai/Meshes/Environment/SM_Env_Bamboo_Tree_03.uasset" 566
"../../../Projects/FinalProject/Content/PolygonSamurai/Meshes/Environment/SM_Env_Bamboo_Tree_04.uasset" 567
"../../../Projects/FinalProject/Content/PolygonSamurai/Meshes/Environment/SM_Env_Bamboo_Tree_05.uasset" 568
"../../../Projects/FinalProject/Content/PolygonSamurai/Meshes/Environment/SM_Env_Bridge_01.uasset" 569
"../../../Projects/FinalProject/Content/PolygonSamurai/Meshes/Environment/SM_Env_Bridge_Curved_01.uasset" 570
"../../../Projects/FinalProject/Content/PolygonSamurai/Meshes/Environment/SM_Env_Bush_02.uasset" 571
"../../../Projects/FinalProject/Content/PolygonSamurai/Meshes/Environment/SM_Env_Bush_03.uasset" 572
"../../../Projects/FinalProject/Content/PolygonSamurai/Meshes/Environment/SM_Env_CropRow_01.uasset" 573
"../../../Projects/FinalProject/Content/PolygonSamurai/Meshes/Environment/SM_Env_DirtPath_01.uasset" 574
"../../../Projects/FinalProject/Content/PolygonSamurai/Meshes/Environment/SM_Env_FarmTerrace_01.uasset" 575
"../../../Projects/FinalProject/Content/PolygonSamurai/Meshes/Environment/SM_Env_FarmTerrace_02.uasset" 576
"../../../Projects/FinalProject/Content/PolygonSamurai/Meshes/Environment/SM_Env_FarmTerrace_03.uasset" 577
"../../../Projects/FinalProject/Content/PolygonSamurai/Meshes/Environment/SM_Env_FarmTerrace_04.uasset" 578
"../../../Projects/FinalProject/Content/PolygonSamurai/Meshes/Environment/SM_Env_FarmTerrace_05.uasset" 579
"../../../Projects/FinalProject/Content/PolygonSamurai/Meshes/Environment/SM_Env_GroundMound_04.uasset" 580
"../../../Projects/FinalProject/Content/PolygonSamurai/Meshes/Environment/SM_Env_GroundMound_05.uasset" 581
"../../../Projects/FinalProject/Content/PolygonSamurai/Meshes/Environment/SM_Env_PaddyHills_01.uasset" 582
"../../../Projects/FinalProject/Content/PolygonSamurai/Meshes/Environment/SM_Env_Path_4Way_01.uasset" 583
"../../../Projects/FinalProject/Content/PolygonSamurai/Meshes/Environment/SM_Env_Path_Corner_01.uasset" 584
"../../../Projects/FinalProject/Content/PolygonSamurai/Meshes/Environment/SM_Env_Path_End_01.uasset" 585
"../../../Projects/FinalProject/Content/PolygonSamurai/Meshes/Environment/SM_Env_Path_TSection_01.uasset" 586
"../../../Projects/FinalProject/Content/PolygonSamurai/Meshes/Environment/SM_Env_Plant_03.uasset" 587
"../../../Projects/FinalProject/Content/PolygonSamurai/Meshes/Environment/SM_Env_PondEdge_04.uasset" 588
"../../../Projects/FinalProject/Content/PolygonSamurai/Meshes/Environment/SM_Env_Rock_Large_01.uasset" 589
"../../../Projects/FinalProject/Content/PolygonSamurai/Meshes/Environment/SM_Env_Rock_Large_02.uasset" 590
"../../../Projects/FinalProject/Content/PolygonSamurai/Meshes/Environment/SM_Env_Rock_Large_03.uasset" 591
"../../../Projects/FinalProject/Content/PolygonSamurai/Meshes/Environment/SM_Env_SteppingStone_01.uasset" 592
"../../../Projects/FinalProject/Content/PolygonSamurai/Meshes/Environment/SM_Env_Tile_Sand_01.uasset" 593
"../../../Projects/FinalProject/Content/PolygonSamurai/Meshes/Props/SM_Prop_Bamboo_Pole_01.uasset" 594
"../../../Projects/FinalProject/Content/PolygonSamurai/Meshes/Props/SM_Prop_Bell_01.uasset" 595
"../../../Projects/FinalProject/Content/PolygonSamurai/Meshes/Props/SM_Prop_Bonsai_01.uasset" 596
"../../../Projects/FinalProject/Content/PolygonSamurai/Meshes/Props/SM_Prop_Bowl_01.uasset" 597
"../../../Projects/FinalProject/Content/PolygonSamurai/Meshes/Props/SM_Prop_Bowl_Large_01.uasset" 598
"../../../Projects/FinalProject/Content/PolygonSamurai/Meshes/Props/SM_Prop_Bucket_Pole_01.uasset" 599
"../../../Projects/FinalProject/Content/PolygonSamurai/Meshes/Props/SM_Prop_Fan_01.uasset" 600
"../../../Projects/FinalProject/Content/PolygonSamurai/Meshes/Props/SM_Prop_Fan_02.uasset" 601
"../../../Projects/FinalProject/Content/PolygonSamurai/Meshes/Props/SM_Prop_Fan_03.uasset" 602
"../../../Projects/FinalProject/Content/PolygonSamurai/Meshes/Props/SM_Prop_Fan_04.uasset" 603
"../../../Projects/FinalProject/Content/PolygonSamurai/Meshes/Props/SM_Prop_Fan_05.uasset" 604
"../../../Projects/FinalProject/Content/PolygonSamurai/Meshes/Props/SM_Prop_Fence_Bamboo_01.uasset" 605
"../../../Projects/FinalProject/Content/PolygonSamurai/Meshes/Props/SM_Prop_Fence_Bamboo_02.uasset" 606
"../../../Projects/FinalProject/Content/PolygonSamurai/Meshes/Props/SM_Prop_Fence_Simple_Post_01.uasset" 607
"../../../Projects/FinalProject/Content/PolygonSamurai/Meshes/Props/SM_Prop_Fence_Simple_Straight_02.uasset" 608
"../../../Projects/FinalProject/Content/PolygonSamurai/Meshes/Props/SM_Prop_Flag_02.uasset" 609
"../../../Projects/FinalProject/Content/PolygonSamurai/Meshes/Props/SM_Prop_Flute_01.uasset" 610
"../../../Projects/FinalProject/Content/PolygonSamurai/Meshes/Props/SM_Prop_Gong_02.uasset" 611
"../../../Projects/FinalProject/Content/PolygonSamurai/Meshes/Props/SM_Prop_Paper_Lantern_01.uasset" 612
"../../../Projects/FinalProject/Content/PolygonSamurai/Meshes/Props/SM_Prop_Pot_04.uasset" 613
"../../../Projects/FinalProject/Content/PolygonSamurai/Meshes/Props/SM_Prop_Pot_05.uasset" 614
"../../../Projects/FinalProject/Content/PolygonSamurai/Meshes/Props/SM_Prop_Pot_06.uasset" 615
"../../../Projects/FinalProject/Content/PolygonSamurai/Meshes/Props/SM_Prop_Pot_07.uasset" 616
"../../../Projects/FinalProject/Content/PolygonSamurai/Meshes/Props/SM_Prop_Rake_01.uasset" 617
"../../../Projects/FinalProject/Content/PolygonSamurai/Meshes/Props/SM_Prop_Statue_Lion_01.uasset" 618
"../../../Projects/FinalProject/Content/PolygonSamurai/Meshes/Props/SM_Prop_StoneBrazier_03.uasset" 619
"../../../Projects/FinalProject/Content/PolygonSamurai/Meshes/Props/SM_Prop_Table_03.uasset" 620
"../../../Projects/FinalProject/Content/PolygonSamurai/Meshes/Props/SM_Prop_Tent_01.uasset" 621
"../../../Projects/FinalProject/Content/PolygonSamurai/Meshes/Props/SM_Prop_Vegetables_03.uasset" 622
"../../../Projects/FinalProject/Content/PolygonSamurai/Meshes/Props/SM_Prop_Vegetables_06.uasset" 623
"../../../Projects/FinalProject/Content/PolygonSamurai/Meshes/Props/SM_Prop_Vegetables_07.uasset" 624
"../../../Projects/FinalProject/Content/PolygonSamurai/Meshes/Props/SM_Prop_Vegetables_08.uasset" 625
"../../../Projects/FinalProject/Content/PolygonSamurai/Meshes/Snow/SM_Bld_Snow_Base_Large_01.uasset" 626
"../../../Projects/FinalProject/Content/PolygonSamurai/Meshes/Snow/SM_Bld_Snow_Base_Large_02.uasset" 627
"../../../Projects/FinalProject/Content/PolygonSamurai/Meshes/Snow/SM_Bld_Snow_Base_Large_03.uasset" 628
"../../../Projects/FinalProject/Content/PolygonSamurai/Meshes/Snow/SM_Bld_Snow_Base_Large_Door_01.uasset" 629
"../../../Projects/FinalProject/Content/PolygonSamurai/Meshes/Snow/SM_Bld_Snow_Base_Large_DoorWay_01.uasset" 630
"../../../Projects/FinalProject/Content/PolygonSamurai/Meshes/Snow/SM_Bld_Snow_Base_Small_01.uasset" 631
"../../../Projects/FinalProject/Content/PolygonSamurai/Meshes/Snow/SM_Bld_Snow_Base_Small_02.uasset" 632
"../../../Projects/FinalProject/Content/PolygonSamurai/Meshes/Snow/SM_Bld_Snow_Block_01.uasset" 633
"../../../Projects/FinalProject/Content/PolygonSamurai/Meshes/Snow/SM_Bld_Snow_Block_CornerPillar_01.uasset" 634
"../../../Projects/FinalProject/Content/PolygonSamurai/Meshes/Snow/SM_Bld_Snow_Block_Stairs_01.uasset" 635
"../../../Projects/FinalProject/Content/PolygonSamurai/Meshes/Snow/SM_Bld_Snow_BridgeCover_01.uasset" 636
"../../../Projects/FinalProject/Content/PolygonSamurai/Meshes/Snow/SM_Bld_Snow_Castle_Base_Large_Blank_01.uasset" 637
"../../../Projects/FinalProject/Content/PolygonSamurai/Meshes/Snow/SM_Bld_Snow_Castle_Base_Large_Windows_01.uasset" 638
"../../../Projects/FinalProject/Content/PolygonSamurai/Meshes/Snow/SM_Bld_Snow_Castle_Base_Medium_Blank_01.uasset" 639
"../../../Projects/FinalProject/Content/PolygonSamurai/Meshes/Snow/SM_Bld_Snow_Castle_Base_Medium_Windows_01.uasset" 640
"../../../Projects/FinalProject/Content/PolygonSamurai/Meshes/Snow/SM_Bld_Snow_Castle_Base_Small_Blank_01.uasset" 641
"../../../Projects/FinalProject/Content/PolygonSamurai/Meshes/Snow/SM_Bld_Snow_Castle_Base_Small_Windows_01.uasset" 642
"../../../Projects/FinalProject/Content/PolygonSamurai/Meshes/Snow/SM_Bld_Snow_Castle_Base_Top_01.uasset" 643
"../../../Projects/FinalProject/Content/PolygonSamurai/Meshes/Snow/SM_Bld_Snow_Castle_Gates_01.uasset" 644
"../../../Projects/FinalProject/Content/PolygonSamurai/Meshes/Snow/SM_Bld_Snow_Castle_Roof_Addon_01.uasset" 645
"../../../Projects/FinalProject/Content/PolygonSamurai/Meshes/Snow/SM_Bld_Snow_Castle_Roof_Addon_02.uasset" 646
"../../../Projects/FinalProject/Content/PolygonSamurai/Meshes/Snow/SM_Bld_Snow_Castle_Roof_Large_01.uasset" 647
"../../../Projects/FinalProject/Content/PolygonSamurai/Meshes/Snow/SM_Bld_Snow_Castle_Roof_Medium_01.uasset" 648
"../../../Projects/FinalProject/Content/PolygonSamurai/Meshes/Snow/SM_Bld_Snow_Castle_Roof_Small_01.uasset" 649
"../../../Projects/FinalProject/Content/PolygonSamurai/Meshes/Snow/SM_Bld_Snow_Castle_Roof_Top_01.uasset" 650
"../../../Projects/FinalProject/Content/PolygonSamurai/Meshes/Snow/SM_Bld_Snow_Castle_Window_01.uasset" 651
"../../../Projects/FinalProject/Content/PolygonSamurai/Meshes/Snow/SM_Bld_Snow_House_Addon_01.uasset" 652
"../../../Projects/FinalProject/Content/PolygonSamurai/Meshes/Snow/SM_Bld_Snow_House_Addon_02.uasset" 653
"../../../Projects/FinalProject/Content/PolygonSamurai/Meshes/Snow/SM_Bld_Snow_House_Addon_03.uasset" 654
"../../../Projects/FinalProject/Content/PolygonSamurai/Meshes/Snow/SM_Bld_Snow_House_Addon_04.uasset" 655
"../../../Projects/FinalProject/Content/PolygonSamurai/Meshes/Snow/SM_Bld_Snow_House_Base_01.uasset" 656
"../../../Projects/FinalProject/Content/PolygonSamurai/Meshes/Snow/SM_Bld_Snow_House_Base_02.uasset" 657
"../../../Projects/FinalProject/Content/PolygonSamurai/Meshes/Snow/SM_Bld_Snow_House_Base_Extension_01.uasset" 658
"../../../Projects/FinalProject/Content/PolygonSamurai/Meshes/Snow/SM_Bld_Snow_House_Base_Long_02.uasset" 659
"../../../Projects/FinalProject/Content/PolygonSamurai/Meshes/Snow/SM_Bld_Snow_House_Base_Long_03.uasset" 660
"../../../Projects/FinalProject/Content/PolygonSamurai/Meshes/Snow/SM_Bld_Snow_House_Base_Long_04.uasset" 661
"../../../Projects/FinalProject/Content/PolygonSamurai/Meshes/Snow/SM_Bld_Snow_House_Base_Long_Extension_01.uasset" 662
"../../../Projects/FinalProject/Content/PolygonSamurai/Meshes/Snow/SM_Bld_Snow_House_Door_01.uasset" 663
"../../../Projects/FinalProject/Content/PolygonSamurai/Meshes/Snow/SM_Bld_Snow_House_Door_02.uasset" 664
"../../../Projects/FinalProject/Content/PolygonSamurai/Meshes/Snow/SM_Bld_Snow_House_Roof_Long_Thatch_01.uasset" 665
"../../../Projects/FinalProject/Content/PolygonSamurai/Meshes/Snow/SM_Bld_Snow_House_Roof_Long_Wood_01.uasset" 666
"../../../Projects/FinalProject/Content/PolygonSamurai/Meshes/Snow/SM_Bld_Snow_House_Roof_Thatch_01.uasset" 667
"../../../Projects/FinalProject/Content/PolygonSamurai/Meshes/Snow/SM_Bld_Snow_House_Roof_Wood_01.uasset" 668
"../../../Projects/FinalProject/Content/PolygonSamurai/Meshes/Snow/SM_Bld_Snow_House_Window_01.uasset" 669
"../../../Projects/FinalProject/Content/PolygonSamurai/Meshes/Snow/SM_Bld_Snow_Platform_Large_01.uasset" 670
"../../../Projects/FinalProject/Content/PolygonSamurai/Meshes/Snow/SM_Bld_Snow_Platform_Large_02.uasset" 671
"../../../Projects/FinalProject/Content/PolygonSamurai/Meshes/Snow/SM_Bld_Snow_Platform_Large_Legs_01.uasset" 672
"../../../Projects/FinalProject/Content/PolygonSamurai/Meshes/Snow/SM_Bld_Snow_Platform_Medium_01.uasset" 673
"../../../Projects/FinalProject/Content/PolygonSamurai/Meshes/Snow/SM_Bld_Snow_Platform_Medium_02.uasset" 674
"../../../Projects/FinalProject/Content/PolygonSamurai/Meshes/Snow/SM_Bld_Snow_Platform_Medium_Legs_01.uasset" 675
"../../../Projects/FinalProject/Content/PolygonSamurai/Meshes/Snow/SM_Bld_Snow_Platform_Small_01.uasset" 676
"../../../Projects/FinalProject/Content/PolygonSamurai/Meshes/Snow/SM_Bld_Snow_Platform_Small_02.uasset" 677
"../../../Projects/FinalProject/Content/PolygonSamurai/Meshes/Snow/SM_Bld_Snow_Platform_Small_Legs_01.uasset" 678
"../../../Projects/FinalProject/Content/PolygonSamurai/Meshes/Snow/SM_Bld_Snow_Platform_Stairs_01.uasset" 679
"../../../Projects/FinalProject/Content/PolygonSamurai/Meshes/Snow/SM_Bld_Snow_Room_Long_01.uasset" 680
"../../../Projects/FinalProject/Content/PolygonSamurai/Meshes/Snow/SM_Bld_Snow_Room_Long_02.uasset" 681
"../../../Projects/FinalProject/Content/PolygonSamurai/Meshes/Snow/SM_Bld_Snow_Room_Long_03.uasset" 682
"../../../Projects/FinalProject/Content/PolygonSamurai/Meshes/Snow/SM_Bld_Snow_Temple_Base_Large_01.uasset" 683
"../../../Projects/FinalProject/Content/PolygonSamurai/Meshes/Snow/SM_Bld_Snow_Temple_Base_Medium_01.uasset" 684
"../../../Projects/FinalProject/Content/PolygonSamurai/Meshes/Snow/SM_Bld_Snow_Temple_Base_Small_01.uasset" 685
"../../../Projects/FinalProject/Content/PolygonSamurai/Meshes/Snow/SM_Bld_Snow_Temple_Door_01.uasset" 686
"../../../Projects/FinalProject/Content/PolygonSamurai/Meshes/Snow/SM_Bld_Snow_Temple_Door_02.uasset" 687
"../../../Projects/FinalProject/Content/PolygonSamurai/Meshes/Snow/SM_Bld_Snow_Temple_Roof_Addon_01.uasset" 688
"../../../Projects/FinalProject/Content/PolygonSamurai/Meshes/Snow/SM_Bld_Snow_Temple_Roof_Large_01.uasset" 689
"../../../Projects/FinalProject/Content/PolygonSamurai/Meshes/Snow/SM_Bld_Snow_Temple_Roof_Medium_01.uasset" 690
"../../../Projects/FinalProject/Content/PolygonSamurai/Meshes/Snow/SM_Bld_Snow_Temple_Roof_Small_01.uasset" 691
"../../../Projects/FinalProject/Content/PolygonSamurai/Meshes/Snow/SM_Bld_Snow_Temple_Roof_Small_02.uasset" 692
"../../../Projects/FinalProject/Content/PolygonSamurai/Meshes/Snow/SM_Bld_Snow_Temple_Roof_Tip_01.uasset" 693
"../../../Projects/FinalProject/Content/PolygonSamurai/Meshes/Snow/SM_Bld_Snow_Temple_Window_01.uasset" 694
"../../../Projects/FinalProject/Content/PolygonSamurai/Meshes/Snow/SM_Bld_Snow_Tower_01.uasset" 695
"../../../Projects/FinalProject/Content/PolygonSamurai/Meshes/Snow/SM_Bld_Snow_Tower_02.uasset" 696
"../../../Projects/FinalProject/Content/PolygonSamurai/Meshes/Snow/SM_Bld_Snow_Wall_01.uasset" 697
"../../../Projects/FinalProject/Content/PolygonSamurai/Meshes/Snow/SM_Env_Snow_Archway_01.uasset" 698
"../../../Projects/FinalProject/Content/PolygonSamurai/Meshes/Snow/SM_Env_Snow_Bamboo_Group_01.uasset" 699
"../../../Projects/FinalProject/Content/PolygonSamurai/Meshes/Snow/SM_Env_Snow_Bamboo_Group_02.uasset" 700
"../../../Projects/FinalProject/Content/PolygonSamurai/Meshes/Snow/SM_Env_Snow_Bamboo_Group_03.uasset" 701
"../../../Projects/FinalProject/Content/PolygonSamurai/Meshes/Snow/SM_Env_Snow_Bamboo_Tree_01.uasset" 702
"../../../Projects/FinalProject/Content/PolygonSamurai/Meshes/Snow/SM_Env_Snow_Bamboo_Tree_02.uasset" 703
"../../../Projects/FinalProject/Content/PolygonSamurai/Meshes/Snow/SM_Env_Snow_Bamboo_Tree_03.uasset" 704
"../../../Projects/FinalProject/Content/PolygonSamurai/Meshes/Snow/SM_Env_Snow_Bamboo_Tree_04.uasset" 705
"../../../Projects/FinalProject/Content/PolygonSamurai/Meshes/Snow/SM_Env_Snow_Bamboo_Tree_05.uasset" 706
"../../../Projects/FinalProject/Content/PolygonSamurai/Meshes/Snow/SM_Env_Snow_Bridge_01.uasset" 707
"../../../Projects/FinalProject/Content/PolygonSamurai/Meshes/Snow/SM_Env_Snow_Bridge_02.uasset" 708
"../../../Projects/FinalProject/Content/PolygonSamurai/Meshes/Snow/SM_Env_Snow_Bridge_03.uasset" 709
"../../../Projects/FinalProject/Content/PolygonSamurai/Meshes/Snow/SM_Env_Snow_Bridge_Curved_01.uasset" 710
"../../../Projects/FinalProject/Content/PolygonSamurai/Meshes/Snow/SM_Env_Snow_Bush_01.uasset" 711
"../../../Projects/FinalProject/Content/PolygonSamurai/Meshes/Snow/SM_Env_Snow_Bush_02.uasset" 712
"../../../Projects/FinalProject/Content/PolygonSamurai/Meshes/Snow/SM_Env_Snow_Bush_03.uasset" 713
"../../../Projects/FinalProject/Content/PolygonSamurai/Meshes/Snow/SM_Env_Snow_Cliff_01.uasset" 714
"../../../Projects/FinalProject/Content/PolygonSamurai/Meshes/Snow/SM_Env_Snow_Cliff_02.uasset" 715
"../../../Projects/FinalProject/Content/PolygonSamurai/Meshes/Snow/SM_Env_Snow_CropRow_01.uasset" 716
"../../../Projects/FinalProject/Content/PolygonSamurai/Meshes/Snow/SM_Env_Snow_CropRow_02.uasset" 717
"../../../Projects/FinalProject/Content/PolygonSamurai/Meshes/Snow/SM_Env_Snow_CropRow_03.uasset" 718
"../../../Projects/FinalProject/Content/PolygonSamurai/Meshes/Snow/SM_Env_Snow_DirtPath_01.uasset" 719
"../../../Projects/FinalProject/Content/PolygonSamurai/Meshes/Snow/SM_Env_Snow_DirtPath_02.uasset" 720
"../../../Projects/FinalProject/Content/PolygonSamurai/Meshes/Snow/SM_Env_Snow_DirtPath_03.uasset" 721
"../../../Projects/FinalProject/Content/PolygonSamurai/Meshes/Snow/SM_Env_Snow_Fence_01.uasset" 722
"../../../Projects/FinalProject/Content/PolygonSamurai/Meshes/Snow/SM_Env_Snow_Fence_Post_01.uasset" 723
"../../../Projects/FinalProject/Content/PolygonSamurai/Meshes/Snow/SM_Env_Snow_Flowers_01.uasset" 724
"../../../Projects/FinalProject/Content/PolygonSamurai/Meshes/Snow/SM_Env_Snow_Flowers_02.uasset" 725
"../../../Projects/FinalProject/Content/PolygonSamurai/Meshes/Snow/SM_Env_Snow_GroundMound_01.uasset" 726
"../../../Projects/FinalProject/Content/PolygonSamurai/Meshes/Snow/SM_Env_Snow_GroundMound_02.uasset" 727
"../../../Projects/FinalProject/Content/PolygonSamurai/Meshes/Snow/SM_Env_Snow_GroundMound_03.uasset" 728
"../../../Projects/FinalProject/Content/PolygonSamurai/Meshes/Snow/SM_Env_Snow_GroundMound_04.uasset" 729
"../../../Projects/FinalProject/Content/PolygonSamurai/Meshes/Snow/SM_Env_Snow_GroundMound_05.uasset" 730
"../../../Projects/FinalProject/Content/PolygonSamurai/Meshes/Snow/SM_Env_Snow_Hill_Cascade_01.uasset" 731
"../../../Projects/FinalProject/Content/PolygonSamurai/Meshes/Snow/SM_Env_Snow_Hill_Cascade_02.uasset" 732
"../../../Projects/FinalProject/Content/PolygonSamurai/Meshes/Snow/SM_Env_Snow_Hill_Cascade_03.uasset" 733
"../../../Projects/FinalProject/Content/PolygonSamurai/Meshes/Snow/SM_Env_Snow_Lillypad_Large_01.uasset" 734
"../../../Projects/FinalProject/Content/PolygonSamurai/Meshes/Snow/SM_Env_Snow_Lillypad_Large_02.uasset" 735
"../../../Projects/FinalProject/Content/PolygonSamurai/Meshes/Snow/SM_Env_Snow_Lillypad_Large_03.uasset" 736
"../../../Projects/FinalProject/Content/PolygonSamurai/Meshes/Snow/SM_Env_Snow_Path_4Way_01.uasset" 737
"../../../Projects/FinalProject/Content/PolygonSamurai/Meshes/Snow/SM_Env_Snow_Path_Corner_01.uasset" 738
"../../../Projects/FinalProject/Content/PolygonSamurai/Meshes/Snow/SM_Env_Snow_Path_End_01.uasset" 739
"../../../Projects/FinalProject/Content/PolygonSamurai/Meshes/Snow/SM_Env_Snow_Path_Straight_01.uasset" 740
"../../../Projects/FinalProject/Content/PolygonSamurai/Meshes/Snow/SM_Env_Snow_Path_Straight_02.uasset" 741
"../../../Projects/FinalProject/Content/PolygonSamurai/Meshes/Snow/SM_Env_Snow_Path_TSection_01.uasset" 742
"../../../Projects/FinalProject/Content/PolygonSamurai/Meshes/Snow/SM_Env_Snow_Plant_01.uasset" 743
"../../../Projects/FinalProject/Content/PolygonSamurai/Meshes/Snow/SM_Env_Snow_Plant_02.uasset" 744
"../../../Projects/FinalProject/Content/PolygonSamurai/Meshes/Snow/SM_Env_Snow_PondEdge_01.uasset" 745
"../../../Projects/FinalProject/Content/PolygonSamurai/Meshes/Snow/SM_Env_Snow_PondEdge_02.uasset" 746
"../../../Projects/FinalProject/Content/PolygonSamurai/Meshes/Snow/SM_Env_Snow_PondEdge_03.uasset" 747
"../../../Projects/FinalProject/Content/PolygonSamurai/Meshes/Snow/SM_Env_Snow_PondEdge_04.uasset" 748
"../../../Projects/FinalProject/Content/PolygonSamurai/Meshes/Snow/SM_Env_Snow_Rock_01.uasset" 749
"../../../Projects/FinalProject/Content/PolygonSamurai/Meshes/Snow/SM_Env_Snow_Rock_02.uasset" 750
"../../../Projects/FinalProject/Content/PolygonSamurai/Meshes/Snow/SM_Env_Snow_Rock_03.uasset" 751
"../../../Projects/FinalProject/Content/PolygonSamurai/Meshes/Snow/SM_Env_Snow_Rock_Large_01.uasset" 752
"../../../Projects/FinalProject/Content/PolygonSamurai/Meshes/Snow/SM_Env_Snow_Rock_Large_02.uasset" 753
"../../../Projects/FinalProject/Content/PolygonSamurai/Meshes/Snow/SM_Env_Snow_Rock_Large_03.uasset" 754
"../../../Projects/FinalProject/Content/PolygonSamurai/Meshes/Snow/SM_Env_Snow_Rock_Large_04.uasset" 755
"../../../Projects/FinalProject/Content/PolygonSamurai/Meshes/Snow/SM_Env_Snow_SteppingStone_01.uasset" 756
"../../../Projects/FinalProject/Content/PolygonSamurai/Meshes/Snow/SM_Env_Snow_SteppingStone_02.uasset" 757
"../../../Projects/FinalProject/Content/PolygonSamurai/Meshes/Snow/SM_Env_Snow_SteppingStone_03.uasset" 758
"../../../Projects/FinalProject/Content/PolygonSamurai/Meshes/Snow/SM_Env_Snow_SteppingStone_04.uasset" 759
"../../../Projects/FinalProject/Content/PolygonSamurai/Meshes/Snow/SM_Env_Snow_Tile_01.uasset" 760
"../../../Projects/FinalProject/Content/PolygonSamurai/Meshes/Snow/SM_Env_Snow_Tree_01.uasset" 761
"../../../Projects/FinalProject/Content/PolygonSamurai/Meshes/Snow/SM_Env_Snow_Tree_02.uasset" 762
"../../../Projects/FinalProject/Content/PolygonSamurai/Meshes/Snow/SM_Env_Snow_Tree_03.uasset" 763
"../../../Projects/FinalProject/Content/PolygonSamurai/Meshes/Snow/SM_Env_Snow_Tree_04.uasset" 764
"../../../Projects/FinalProject/Content/PolygonSamurai/Meshes/Snow/SM_Env_Snow_WoodEdge_Corner_01.uasset" 765
"../../../Projects/FinalProject/Content/PolygonSamurai/Meshes/Snow/SM_Env_Snow_WoodEdge_Straight_01.uasset" 766
"../../../Projects/FinalProject/Content/PolygonSamurai/Meshes/Snow/SM_Env_Snow_Zen_Rock_01.uasset" 767
"../../../Projects/FinalProject/Content/PolygonSamurai/Meshes/Snow/SM_Env_Snow_Zen_Rock_02.uasset" 768
"../../../Projects/FinalProject/Content/PolygonSamurai/Meshes/Snow/SM_Prop_Snow_Bamboo_Pole_02.uasset" 769
"../../../Projects/FinalProject/Content/PolygonSamurai/Meshes/Snow/SM_Prop_Snow_Bell_01.uasset" 770
"../../../Projects/FinalProject/Content/PolygonSamurai/Meshes/Snow/SM_Prop_Snow_Bowl_Large_01.uasset" 771
"../../../Projects/FinalProject/Content/PolygonSamurai/Meshes/Snow/SM_Prop_Snow_Bucket_01.uasset" 772
"../../../Projects/FinalProject/Content/PolygonSamurai/Meshes/Snow/SM_Prop_Snow_Bucket_02.uasset" 773
"../../../Projects/FinalProject/Content/PolygonSamurai/Meshes/Snow/SM_Prop_Snow_Fence_Simple_Straight_01.uasset" 774
"../../../Projects/FinalProject/Content/PolygonSamurai/Meshes/Snow/SM_Prop_Snow_Fence_Simple_Straight_02.uasset" 775
"../../../Projects/FinalProject/Content/PolygonSamurai/Meshes/Snow/SM_Prop_Snow_Flag_01.uasset" 776
"../../../Projects/FinalProject/Content/PolygonSamurai/Meshes/Snow/SM_Prop_Snow_Flag_02.uasset" 777
"../../../Projects/FinalProject/Content/PolygonSamurai/Meshes/Snow/SM_Prop_Snow_Flag_03.uasset" 778
"../../../Projects/FinalProject/Content/PolygonSamurai/Meshes/Snow/SM_Prop_Snow_Flag_04.uasset" 779
"../../../Projects/FinalProject/Content/PolygonSamurai/Meshes/Snow/SM_Prop_Snow_Gong_01.uasset" 780
"../../../Projects/FinalProject/Content/PolygonSamurai/Meshes/Snow/SM_Prop_Snow_Gong_02.uasset" 781
"../../../Projects/FinalProject/Content/PolygonSamurai/Meshes/Snow/SM_Prop_Snow_Paper_Lantern_01.uasset" 782
"../../../Projects/FinalProject/Content/PolygonSamurai/Meshes/Snow/SM_Prop_Snow_Paper_Lantern_02.uasset" 783
"../../../Projects/FinalProject/Content/PolygonSamurai/Meshes/Snow/SM_Prop_Snow_Pot_01.uasset" 784
"../../../Projects/FinalProject/Content/PolygonSamurai/Meshes/Snow/SM_Prop_Snow_Pot_03.uasset" 785
"../../../Projects/FinalProject/Content/PolygonSamurai/Meshes/Snow/SM_Prop_Snow_Rope_01.uasset" 786
"../../../Projects/FinalProject/Content/PolygonSamurai/Meshes/Snow/SM_Prop_Snow_Stone_Lantern_01.uasset" 787
"../../../Projects/FinalProject/Content/PolygonSamurai/Meshes/Snow/SM_Prop_Snow_Stone_Lantern_02.uasset" 788
"../../../Projects/FinalProject/Content/PolygonSamurai/Meshes/Snow/SM_Prop_Snow_StoneBrazier_01.uasset" 789
"../../../Projects/FinalProject/Content/PolygonSamurai/Meshes/Snow/SM_Prop_Snow_StoneBrazier_02.uasset" 790
"../../../Projects/FinalProject/Content/PolygonSamurai/Meshes/Snow/SM_Prop_Snow_StoneBrazier_03.uasset" 791
"../../../Projects/FinalProject/Content/PolygonSamurai/Meshes/Snow/SM_Prop_Snow_StoneCircle_01.uasset" 792
"../../../Projects/FinalProject/Content/PolygonSamurai/Meshes/Snow/SM_Prop_Snow_Table_01.uasset" 793
"../../../Projects/FinalProject/Content/PolygonSamurai/Meshes/Snow/SM_Prop_Snow_Table_03.uasset" 794
"../../../Projects/FinalProject/Content/PolygonSamurai/Meshes/Snow/SM_Prop_Snow_Tent_01.uasset" 795
"../../../Projects/FinalProject/Content/PolygonSamurai/Meshes/Snow/SM_Prop_Snow_Zen_Bamboo_01.uasset" 796
"../../../Projects/FinalProject/Content/PolygonSamurai/Meshes/Snow/SM_Prop_Snow_Zen_Lantern_01.uasset" 797
"../../../Projects/FinalProject/Content/PolygonSamurai/Meshes/Weapons/SM_Wep_BoStaff_01.uasset" 798
"../../../Projects/FinalProject/Content/PolygonSamurai/Meshes/Weapons/SM_Wep_JuMonjiYari_01.uasset" 799
"../../../Projects/FinalProject/Content/PolygonSamurai/Meshes/Weapons/SM_Wep_Kunai_01.uasset" 800
"../../../Projects/FinalProject/Content/PolygonSamurai/Meshes/Weapons/SM_Wep_Kunai_02.uasset" 801
"../../../Projects/FinalProject/Content/PolygonSamurai/Meshes/Weapons/SM_Wep_Naginata_01.uasset" 802
"../../../Projects/FinalProject/Content/PolygonSamurai/Meshes/Weapons/SM_Wep_Naginata_02.uasset" 803
"../../../Projects/FinalProject/Content/PolygonSamurai/Meshes/Weapons/SM_Wep_Ninjato_01.uasset" 804
"../../../Projects/FinalProject/Content/PolygonSamurai/Meshes/Weapons/SM_Wep_Odachi_01.uasset" 805
"../../../Projects/FinalProject/Content/PolygonSamurai/Meshes/Weapons/SM_Wep_Odachi_Covered_01.uasset" 806
"../../../Projects/FinalProject/Content/PolygonSamurai/Meshes/Weapons/SM_Wep_Sai_01.uasset" 807
"../../../Projects/FinalProject/Content/PolygonSamurai/Meshes/Weapons/SM_Wep_Shuriken_01.uasset" 808
"../../../Projects/FinalProject/Content/PolygonSamurai/Meshes/Weapons/SM_Wep_Shuriken_02.uasset" 809
"../../../Projects/FinalProject/Content/PolygonSamurai/Meshes/Weapons/SM_Wep_Tanto_01.uasset" 810
"../../../Projects/FinalProject/Content/PolygonSamurai/Meshes/Weapons/SM_Wep_Tanto_Covered_01.uasset" 811
"../../../Projects/FinalProject/Content/PolygonSamurai/Meshes/Weapons/SM_Wep_Tonfa_01.uasset" 812
"../../../Projects/FinalProject/Content/PolygonSamurai/Maps/Overview.umap" 813
"../../../Projects/FinalProject/Content/VirtualReality/Mannequin/Character/Mesh/MannequinHand_Right_Skeleton.uasset" 814
"../../../Projects/FinalProject/Content/VirtualReality/Mannequin/Animations/MannequinHand_Right_CanGrab.uasset" 815
"../../../Projects/FinalProject/Content/VirtualReality/Mannequin/Animations/MannequinHand_Right_Grab.uasset" 816
"../../../Projects/FinalProject/Content/VirtualReality/Mannequin/Animations/MannequinHand_Right_Open.uasset" 817
"../../../Projects/FinalProject/Content/VirtualReality/Mannequin/Animations/RightGrip_BS.uasset" 818
"../../../Projects/FinalProject/Content/VirtualRealityBP/Blueprints/GripEnum.uasset" 819
"../../../Projects/FinalProject/Content/VirtualReality/Mannequin/Animations/RightHand_AnimBP.uasset" 820
"../../../Projects/FinalProject/Content/VirtualRealityBP/Blueprints/PickupActorInterface.uasset" 821
"../../../Projects/FinalProject/Content/VirtualReality/Materials/M_ArcEndpoint.uasset" 822
"../../../Projects/FinalProject/Content/VirtualReality/Materials/M_TeleportPreviews.uasset" 823
"../../../Projects/FinalProject/Content/VirtualReality/Materials/MI_ChaperoneOutline.uasset" 824
"../../../Projects/FinalProject/Content/VirtualReality/Materials/MI_TeleportCylinderPreview.uasset" 825
"../../../Engine/Content/BasicShapes/Cylinder.uasset" 826
"../../../Engine/Content/BasicShapes/Sphere.uasset" 827
"../../../Projects/FinalProject/Content/VirtualReality/Mannequin/Character/Textures/UE4_Mannequin__normals.uasset" 828
"../../../Projects/FinalProject/Content/VirtualReality/Mannequin/Character/Textures/UE4_Mannequin_MAT_MASKA.uasset" 829
"../../../Projects/FinalProject/Content/VirtualReality/Mannequin/Character/Materials/M_HandMat.uasset" 830
"../../../Projects/FinalProject/Content/VirtualReality/Mannequin/Character/Mesh/MannequinHand_Right_PhysicsAsset.uasset" 831
"../../../Projects/FinalProject/Content/VirtualReality/Mannequin/Character/Mesh/MannequinHand_Right.uasset" 832
"../../../Projects/FinalProject/Content/VirtualReality/Meshes/1x1_cube.uasset" 833
"../../../Projects/FinalProject/Content/VirtualReality/Meshes/BeaconDirection.uasset" 834
"../../../Projects/FinalProject/Content/VirtualReality/Meshes/SM_FatCylinder.uasset" 835
"../../../Projects/FinalProject/Content/VirtualRealityBP/Blueprints/BP_MotionController.uasset" 836
"../../../Projects/FinalProject/Content/PolygonSamurai/OurFiles/Sound_Files/Footsteps/FootstepsGrass/footstep_grass1.uasset" 837
"../../../Projects/FinalProject/Content/PolygonSamurai/OurFiles/Sound_Files/Footsteps/FootstepsGrass/footstep_grass2.uasset" 838
"../../../Projects/FinalProject/Content/PolygonSamurai/OurFiles/Sound_Files/Footsteps/FootstepsGrass/footstep_grass3.uasset" 839
"../../../Projects/FinalProject/Content/PolygonSamurai/OurFiles/Sound_Files/Footsteps/FootstepsGrass/footstep_grass4.uasset" 840
"../../../Projects/FinalProject/Content/VirtualRealityBP/Blueprints/MotionControllerPawn.uasset" 841
"../../../Projects/FinalProject/Content/PolygonSamurai/OurFiles/World_files/sign_post/Interact_Interface.uasset" 842
"../../../Projects/FinalProject/Content/PolygonSamurai/OurFiles/Dialogue/Dialogue_Widget.uasset" 843
"../../../Projects/FinalProject/Content/PolygonSamurai/OurFiles/World_files/sign_post/treeTexture.uasset" 844
"../../../Projects/FinalProject/Content/PolygonSamurai/OurFiles/World_files/sign_post/treeTexture_Mat.uasset" 845
"../../../Projects/FinalProject/Content/PolygonSamurai/OurFiles/World_files/sign_post/EmissiveMaterial.uasset" 846
"../../../Projects/FinalProject/Content/PolygonSamurai/OurFiles/World_files/sign_post/EColor.uasset" 847
"../../../Projects/FinalProject/Content/PolygonSamurai/OurFiles/UI/hint.uasset" 848
"../../../Projects/FinalProject/Content/PolygonSamurai/OurFiles/World_files/sign_post/signpost.uasset" 849
"../../../Projects/FinalProject/Content/PolygonSamurai/OurFiles/World_files/sign_post/sign_post.uasset" 850
"../../../Engine/Content/BasicShapes/BasicShapeMaterial.uasset" 851
"../../../Projects/FinalProject/Content/PolygonSamurai/OurFiles/Sound_Files/fire_sound.uasset" 852
"../../../Projects/FinalProject/Content/PolygonSamurai/OurFiles/Sound_Files/fire_cue.uasset" 853
"../../../Projects/FinalProject/Content/PolygonSamurai/OurFiles/Levels/inside_house.umap" 854
"../../../Projects/FinalProject/Content/PolygonSamurai/OurFiles/Levels/MainMenu1.umap" 855
"../../../Projects/FinalProject/Content/PolygonSamurai/OurFiles/Levels/MainMenu2.umap" 856
"../../../Projects/FinalProject/Content/PolygonSamurai/OurFiles/UI/VRMainMenuNoOptions.uasset" 857
"../../../Projects/FinalProject/Content/PolygonSamurai/OurFiles/UI/MainMenuActor.uasset" 858
"../../../Projects/FinalProject/Content/PolygonSamurai/OurFiles/Levels/VRMainMenu.umap" 859
"../../../Projects/FinalProject/Content/PolygonSamurai/OurFiles/Animations/Run_Anim_mixamo_com.uasset" 860
"../../../Projects/FinalProject/Content/PolygonSamurai/OurFiles/Animations/Falling_Back_Death_Anim_mixamo_com.uasset" 861
"../../../Projects/FinalProject/Content/PolygonSamurai/OurFiles/Animations/Male_Crouch_Pose_Anim_mixamo_com.uasset" 862
"../../../Projects/FinalProject/Content/PolygonSamurai/Characters/SK_Character_Samurai_Ninja_01_PhysicsAsset.uasset" 863
"../../../Projects/FinalProject/Content/PolygonSamurai/Characters/SK_Character_Samurai_Ninja_01.uasset" 864
"../../../Projects/FinalProject/Content/PolygonSamurai/OurFiles/Sound_Files/pain_sound.uasset" 865
"../../../Projects/FinalProject/Content/PolygonSamurai/OurFiles/Animations/ninja.uasset" 866
"../../../Projects/FinalProject/Content/TS_Fireworks/Materials/M_Blank.uasset" 867
"../../../Projects/FinalProject/Content/TS_Fireworks/Meshes/SK_Star_PhysicsAsset.uasset" 868
"../../../Projects/FinalProject/Content/TS_Fireworks/Meshes/SK_Star_Skeleton.uasset" 869
"../../../Projects/FinalProject/Content/TS_Fireworks/Meshes/SK_Star.uasset" 870
"../../../Engine/Content/Functions/Engine_MaterialFunctions02/Utility/LinearSine.uasset" 871
"../../../Projects/FinalProject/Content/TS_Fireworks/Materials/M_TS_FireworksSimple.uasset" 872
"../../../Projects/FinalProject/Content/TS_Fireworks/Materials/M_TS_FireworksSmoke.uasset" 873
"../../../Projects/FinalProject/Content/TS_Fireworks/Materials/MI_TS_Fireworks_Solid.uasset" 874
"../../../Projects/FinalProject/Content/TS_Fireworks/Meshes/SK_Teapot_PhysicsAsset.uasset" 875
"../../../Projects/FinalProject/Content/TS_Fireworks/Meshes/SK_Teapot_Skeleton.uasset" 876
"../../../Projects/FinalProject/Content/TS_Fireworks/Meshes/SK_Teapot.uasset" 877
"../../../Projects/FinalProject/Content/TS_Fireworks/Particles/PS_TS_Fireworks_Burst_Shaped.uasset" 878
"../../../Projects/FinalProject/Content/TS_Fireworks/Particles/PS_TS_FireworksShell.uasset" 879
"../../../Projects/FinalProject/Content/TS_Fireworks/Blueprints/TS_Fireworks_Shell.uasset" 880
"../../../Projects/FinalProject/Content/TS_Fireworks/Particles/PS_TS_Fireworks_Burst_Palm.uasset" 881
"../../../Projects/FinalProject/Content/TS_Fireworks/Blueprints/TS_FireworksLauncher.uasset" 882
"../../../Projects/FinalProject/Content/PolygonSamurai/OurFiles/sword/trees/green.uasset" 883
"../../../Projects/FinalProject/Content/PolygonSamurai/OurFiles/sword/trees/bamboo.uasset" 884
"../../../Projects/FinalProject/Content/PolygonSamurai/OurFiles/sword/trees/slicable_bamboo.uasset" 885
"../../../Engine/Content/BasicShapes/Plane.uasset" 886
"../../../Projects/FinalProject/Content/PolygonSamurai/OurFiles/Sound_Files/sword/sword_cut_bamboo.uasset" 887
"../../../Projects/FinalProject/Content/PolygonSamurai/OurFiles/Sound_Files/sword/sword_cut_ninja.uasset" 888
"../../../Projects/FinalProject/Content/PolygonSamurai/OurFiles/Sound_Files/sword/sword_take.uasset" 889
"../../../Projects/FinalProject/Content/PolygonSamurai/OurFiles/sword/weapon/SM_Wep_Odachi_01.uasset" 890
"../../../Projects/FinalProject/Content/PolygonSamurai/OurFiles/sword/weapon/BP_PickupWeapon.uasset" 891
"../../../Projects/FinalProject/Content/PolygonSamurai/OurFiles/Dialogue_Structure.uasset" 892
"../../../Projects/FinalProject/Content/PolygonSamurai/OurFiles/Dialogue.uasset" 893
"../../../Projects/FinalProject/Content/PolygonSamurai/OurFiles/Sound_Files/0.uasset" 894
"../../../Projects/FinalProject/Content/PolygonSamurai/OurFiles/Sound_Files/1.uasset" 895
"../../../Projects/FinalProject/Content/PolygonSamurai/OurFiles/Sound_Files/2.uasset" 896
"../../../Projects/FinalProject/Content/PolygonSamurai/OurFiles/Sound_Files/3.uasset" 897
"../../../Projects/FinalProject/Content/PolygonSamurai/OurFiles/Sound_Files/4.uasset" 898
"../../../Projects/FinalProject/Content/PolygonSamurai/OurFiles/Sound_Files/5.uasset" 899
"../../../Projects/FinalProject/Content/PolygonSamurai/OurFiles/World_files/sign_post/talking_homes.uasset" 900
"../../../Projects/FinalProject/Content/PolygonSamurai/OurFiles/EndGameSequence.uasset" 901
"../../../Projects/FinalProject/Content/PolygonSamurai/OurFiles/Sound_Files/BackgroundMusic/battle_music.uasset" 902
"../../../Projects/FinalProject/Content/PolygonSamurai/OurFiles/Sound_Files/BackgroundMusic/village_background_music.uasset" 903
"../../../Projects/FinalProject/Content/PolygonSamurai/OurFiles/Sound_Files/BackgroundMusic/village_background_music_Cue.uasset" 904
"../../../Projects/FinalProject/Content/PolygonSamurai/OurFiles/Sound_Files/BackgroundMusic/Wanda_Jackson_-_Lets_Have_e_Party_.uasset" 905
"../../../Projects/FinalProject/Content/TS_Fireworks/Meshes/SK_UE4_Logo_PhysicsAsset.uasset" 906
"../../../Projects/FinalProject/Content/TS_Fireworks/Meshes/SK_UE4_Logo_Skeleton.uasset" 907
"../../../Projects/FinalProject/Content/TS_Fireworks/Meshes/SK_UE4_Logo.uasset" 908
"../../../Projects/FinalProject/Content/TS_Fireworks/Particles/PS_TS_Fireworks_Burst_Chrys.uasset" 909
"../../../Projects/FinalProject/Content/TS_Fireworks/Particles/PS_TS_Fireworks_Burst_Circle.uasset" 910
"../../../Projects/FinalProject/Content/TS_Fireworks/Particles/PS_TS_Fireworks_Burst_ShellsWithinShells.uasset" 911
"../../../Projects/FinalProject/Content/TS_Fireworks/Particles/PS_TS_FireworksShell_Palm.uasset" 912
"../../../Projects/FinalProject/Content/PolygonSamurai/OurFiles/Levels/World.umap" 913
"../../../Engine/Content/MapTemplates/SM_Template_Map_Floor.uasset" 914
"../../../Projects/FinalProject/Content/TS_Fireworks/Maps/FireworksTestMap.umap" 915
"../../../Projects/FinalProject/Content/VirtualRealityBP/Blueprints/HMDLocomotionPawn.uasset" 916
"../../../Projects/FinalProject/Content/VirtualRealityBP/Maps/HMDLocomotionMap_BuiltData.uasset" 917
"../../../Projects/FinalProject/Content/VirtualReality/Materials/M_BaseMaterial.uasset" 918
"../../../Projects/FinalProject/Content/VirtualReality/Materials/MI_BaseMaterial2.uasset" 919
"../../../Projects/FinalProject/Content/VirtualReality/Materials/MI_BaseMaterial3.uasset" 920
"../../../Projects/FinalProject/Content/Geometry/Meshes/1M_Cube.uasset" 921
"../../../Projects/FinalProject/Content/VirtualRealityBP/Maps/HMDLocomotionMap.umap" 922
"../../../Projects/FinalProject/Content/VirtualReality/Materials/MI_SmallCubes.uasset" 923
"../../../Projects/FinalProject/Content/VirtualRealityBP/Blueprints/BP_PickupCube.uasset" 924
"../../../Projects/FinalProject/Content/VirtualRealityBP/Maps/MotionControllerMap_BuiltData.uasset" 925
"../../../Projects/FinalProject/Content/VirtualRealityBP/Maps/MotionControllerMap.umap" 926
"../../../Projects/FinalProject/Content/VirtualRealityBP/Maps/StartupMap_BuiltData.uasset" 927
"../../../Projects/FinalProject/Content/VirtualReality/Materials/GenericHMDMaterial.uasset" 928
"../../../Engine/Content/MapTemplates/Sky/DaylightAmbientCubemap.uasset" 929
"../../../Projects/FinalProject/Content/VirtualReality/Meshes/GenericHMD.uasset" 930
"../../../Projects/FinalProject/Content/VirtualRealityBP/Maps/StartupMap.umap" 931
"../../../Engine/Content/Maps/Entry.umap" 932
